{"/home/travis/build/npmtest/node-npmtest-dredd/test.js":{"path":"/home/travis/build/npmtest/node-npmtest-dredd/test.js","s":{"1":2,"2":2,"3":2,"4":2,"5":2,"6":2,"7":2,"8":1,"9":2,"10":2,"11":1,"12":1,"13":1,"14":1,"15":2,"16":2,"17":2,"18":2,"19":1,"20":1,"21":2,"22":2,"23":2,"24":1,"25":1,"26":1,"27":1,"28":1,"29":1,"30":1,"31":1,"32":1,"33":1,"34":1,"35":1,"36":1,"37":1,"38":1,"39":2,"40":2,"41":1,"42":2,"43":2,"44":1,"45":2,"46":2,"47":1,"48":2,"49":2,"50":1,"51":1,"52":1,"53":1,"54":1},"b":{"1":[2,1,1,1],"2":[1,1,1,1],"3":[1,1],"4":[1,1],"5":[1,1],"6":[1,1],"7":[1,1],"8":[1,1],"9":[1,1],"10":[1,1,1],"11":[1,1],"12":[1,1],"13":[1,1],"14":[1,1],"15":[1,1],"16":[1,1],"17":[1,1]},"f":{"1":2,"2":2,"3":2,"4":2,"5":2,"6":1,"7":1,"8":1,"9":2,"10":2,"11":2,"12":2,"13":1},"fnMap":{"1":{"name":"(anonymous_1)","line":12,"loc":{"start":{"line":12,"column":1},"end":{"line":12,"column":13}}},"2":{"name":"(anonymous_2)","line":19,"loc":{"start":{"line":19,"column":5},"end":{"line":19,"column":17}}},"3":{"name":"(anonymous_3)","line":23,"loc":{"start":{"line":23,"column":24},"end":{"line":23,"column":36}}},"4":{"name":"(anonymous_4)","line":61,"loc":{"start":{"line":61,"column":5},"end":{"line":61,"column":17}}},"5":{"name":"(anonymous_5)","line":82,"loc":{"start":{"line":82,"column":5},"end":{"line":82,"column":17}}},"6":{"name":"(anonymous_6)","line":91,"loc":{"start":{"line":91,"column":77},"end":{"line":94,"column":10}}},"7":{"name":"(anonymous_7)","line":112,"loc":{"start":{"line":112,"column":83},"end":{"line":115,"column":10}},"skip":true},"8":{"name":"(anonymous_8)","line":123,"loc":{"start":{"line":123,"column":77},"end":{"line":126,"column":10}},"skip":true},"9":{"name":"(anonymous_9)","line":139,"loc":{"start":{"line":139,"column":12},"end":{"line":139,"column":40}},"skip":true},"10":{"name":"(anonymous_10)","line":147,"loc":{"start":{"line":147,"column":77},"end":{"line":150,"column":10}},"skip":true},"11":{"name":"(anonymous_11)","line":158,"loc":{"start":{"line":158,"column":83},"end":{"line":161,"column":10}},"skip":true},"12":{"name":"(anonymous_12)","line":169,"loc":{"start":{"line":169,"column":79},"end":{"line":172,"column":10}},"skip":true},"13":{"name":"(anonymous_13)","line":180,"loc":{"start":{"line":180,"column":75},"end":{"line":183,"column":10}},"skip":true}},"statementMap":{"1":{"start":{"line":12,"column":0},"end":{"line":195,"column":5}},"2":{"start":{"line":14,"column":4},"end":{"line":14,"column":14}},"3":{"start":{"line":19,"column":4},"end":{"line":56,"column":9}},"4":{"start":{"line":21,"column":8},"end":{"line":21,"column":19}},"5":{"start":{"line":23,"column":8},"end":{"line":35,"column":13}},"6":{"start":{"line":24,"column":12},"end":{"line":34,"column":13}},"7":{"start":{"line":25,"column":16},"end":{"line":28,"column":30}},"8":{"start":{"line":30,"column":16},"end":{"line":33,"column":27}},"9":{"start":{"line":37,"column":8},"end":{"line":39,"column":21}},"10":{"start":{"line":40,"column":8},"end":{"line":53,"column":9}},"11":{"start":{"line":43,"column":12},"end":{"line":46,"column":14}},"12":{"start":{"line":47,"column":12},"end":{"line":47,"column":18}},"13":{"start":{"line":50,"column":12},"end":{"line":51,"column":46}},"14":{"start":{"line":52,"column":12},"end":{"line":52,"column":18}},"15":{"start":{"line":55,"column":8},"end":{"line":55,"column":35}},"16":{"start":{"line":61,"column":4},"end":{"line":63,"column":9}},"17":{"start":{"line":62,"column":8},"end":{"line":62,"column":15}},"18":{"start":{"line":64,"column":4},"end":{"line":77,"column":5}},"19":{"start":{"line":70,"column":8},"end":{"line":70,"column":14}},"20":{"start":{"line":76,"column":8},"end":{"line":76,"column":14}},"21":{"start":{"line":82,"column":4},"end":{"line":84,"column":9}},"22":{"start":{"line":83,"column":8},"end":{"line":83,"column":15}},"23":{"start":{"line":85,"column":4},"end":{"line":194,"column":5}},"24":{"start":{"line":91,"column":8},"end":{"line":99,"column":10}},"25":{"start":{"line":98,"column":12},"end":{"line":98,"column":35}},"26":{"start":{"line":102,"column":8},"end":{"line":104,"column":63}},"27":{"start":{"line":105,"column":8},"end":{"line":105,"column":14}},"28":{"start":{"line":112,"column":8},"end":{"line":121,"column":10},"skip":true},"29":{"start":{"line":119,"column":12},"end":{"line":119,"column":55},"skip":true},"30":{"start":{"line":120,"column":12},"end":{"line":120,"column":48},"skip":true},"31":{"start":{"line":123,"column":8},"end":{"line":136,"column":10},"skip":true},"32":{"start":{"line":130,"column":12},"end":{"line":130,"column":76},"skip":true},"33":{"start":{"line":131,"column":12},"end":{"line":131,"column":73},"skip":true},"34":{"start":{"line":132,"column":12},"end":{"line":132,"column":74},"skip":true},"35":{"start":{"line":133,"column":12},"end":{"line":133,"column":79},"skip":true},"36":{"start":{"line":134,"column":12},"end":{"line":134,"column":25},"skip":true},"37":{"start":{"line":135,"column":12},"end":{"line":135,"column":45},"skip":true},"38":{"start":{"line":138,"column":8},"end":{"line":145,"column":14},"skip":true},"39":{"start":{"line":143,"column":16},"end":{"line":143,"column":29},"skip":true},"40":{"start":{"line":144,"column":16},"end":{"line":144,"column":55},"skip":true},"41":{"start":{"line":147,"column":8},"end":{"line":156,"column":10},"skip":true},"42":{"start":{"line":154,"column":12},"end":{"line":154,"column":25},"skip":true},"43":{"start":{"line":155,"column":12},"end":{"line":155,"column":45},"skip":true},"44":{"start":{"line":158,"column":8},"end":{"line":167,"column":10},"skip":true},"45":{"start":{"line":165,"column":12},"end":{"line":165,"column":25},"skip":true},"46":{"start":{"line":166,"column":12},"end":{"line":166,"column":48},"skip":true},"47":{"start":{"line":169,"column":8},"end":{"line":178,"column":10},"skip":true},"48":{"start":{"line":176,"column":12},"end":{"line":176,"column":25},"skip":true},"49":{"start":{"line":177,"column":12},"end":{"line":177,"column":46},"skip":true},"50":{"start":{"line":180,"column":8},"end":{"line":189,"column":10},"skip":true},"51":{"start":{"line":187,"column":12},"end":{"line":187,"column":94},"skip":true},"52":{"start":{"line":188,"column":12},"end":{"line":188,"column":48},"skip":true},"53":{"start":{"line":192,"column":8},"end":{"line":192,"column":35},"skip":true},"54":{"start":{"line":193,"column":8},"end":{"line":193,"column":14},"skip":true}},"branchMap":{"1":{"line":25,"type":"binary-expr","locations":[{"start":{"line":25,"column":23},"end":{"line":25,"column":62}},{"start":{"line":26,"column":20},"end":{"line":26,"column":70}},{"start":{"line":27,"column":20},"end":{"line":27,"column":71}},{"start":{"line":28,"column":20},"end":{"line":28,"column":29}}]},"2":{"line":30,"type":"binary-expr","locations":[{"start":{"line":30,"column":23},"end":{"line":30,"column":37}},{"start":{"line":31,"column":20},"end":{"line":31,"column":61}},{"start":{"line":32,"column":20},"end":{"line":32,"column":70}},{"start":{"line":33,"column":20},"end":{"line":33,"column":26}}]},"3":{"line":37,"type":"cond-expr","locations":[{"start":{"line":38,"column":14},"end":{"line":38,"column":20}},{"start":{"line":39,"column":14},"end":{"line":39,"column":20}}]},"4":{"line":40,"type":"switch","locations":[{"start":{"line":42,"column":8},"end":{"line":47,"column":18}},{"start":{"line":49,"column":8},"end":{"line":52,"column":18}}]},"5":{"line":44,"type":"binary-expr","locations":[{"start":{"line":44,"column":16},"end":{"line":44,"column":44}},{"start":{"line":44,"column":48},"end":{"line":44,"column":66}}]},"6":{"line":50,"type":"binary-expr","locations":[{"start":{"line":50,"column":21},"end":{"line":50,"column":49}},{"start":{"line":50,"column":53},"end":{"line":50,"column":72}}]},"7":{"line":64,"type":"switch","locations":[{"start":{"line":69,"column":4},"end":{"line":70,"column":14}},{"start":{"line":75,"column":4},"end":{"line":76,"column":14}}]},"8":{"line":85,"type":"switch","locations":[{"start":{"line":90,"column":4},"end":{"line":105,"column":14}},{"start":{"line":111,"column":4},"end":{"line":193,"column":14},"skip":true}]},"9":{"line":91,"type":"binary-expr","locations":[{"start":{"line":91,"column":42},"end":{"line":91,"column":73}},{"start":{"line":91,"column":77},"end":{"line":99,"column":9}}]},"10":{"line":102,"type":"binary-expr","locations":[{"start":{"line":102,"column":18},"end":{"line":102,"column":32}},{"start":{"line":103,"column":12},"end":{"line":103,"column":53}},{"start":{"line":104,"column":12},"end":{"line":104,"column":61}}]},"11":{"line":112,"type":"binary-expr","locations":[{"start":{"line":112,"column":45},"end":{"line":112,"column":79},"skip":true},{"start":{"line":112,"column":83},"end":{"line":121,"column":9},"skip":true}]},"12":{"line":123,"type":"binary-expr","locations":[{"start":{"line":123,"column":42},"end":{"line":123,"column":73},"skip":true},{"start":{"line":123,"column":77},"end":{"line":136,"column":9},"skip":true}]},"13":{"line":138,"type":"binary-expr","locations":[{"start":{"line":138,"column":48},"end":{"line":138,"column":85},"skip":true},{"start":{"line":139,"column":12},"end":{"line":145,"column":13},"skip":true}]},"14":{"line":147,"type":"binary-expr","locations":[{"start":{"line":147,"column":42},"end":{"line":147,"column":73},"skip":true},{"start":{"line":147,"column":77},"end":{"line":156,"column":9},"skip":true}]},"15":{"line":158,"type":"binary-expr","locations":[{"start":{"line":158,"column":45},"end":{"line":158,"column":79},"skip":true},{"start":{"line":158,"column":83},"end":{"line":167,"column":9},"skip":true}]},"16":{"line":169,"type":"binary-expr","locations":[{"start":{"line":169,"column":43},"end":{"line":169,"column":75},"skip":true},{"start":{"line":169,"column":79},"end":{"line":178,"column":9},"skip":true}]},"17":{"line":180,"type":"binary-expr","locations":[{"start":{"line":180,"column":41},"end":{"line":180,"column":71},"skip":true},{"start":{"line":180,"column":75},"end":{"line":189,"column":9},"skip":true}]}},"code":["/* istanbul instrument in package npmtest_dredd */","/*jslint","    bitwise: true,","    browser: true,","    maxerr: 8,","    maxlen: 96,","    node: true,","    nomen: true,","    regexp: true,","    stupid: true","*/","(function () {","    'use strict';","    var local;","","","","    // run shared js-env code - pre-init","    (function () {","        // init local","        local = {};","        // init modeJs","        local.modeJs = (function () {","            try {","                return typeof navigator.userAgent === 'string' &&","                    typeof document.querySelector('body') === 'object' &&","                    typeof XMLHttpRequest.prototype.open === 'function' &&","                    'browser';","            } catch (errorCaughtBrowser) {","                return module.exports &&","                    typeof process.versions.node === 'string' &&","                    typeof require('http').createServer === 'function' &&","                    'node';","            }","        }());","        // init global","        local.global = local.modeJs === 'browser'","            ? window","            : global;","        switch (local.modeJs) {","        // re-init local from window.local","        case 'browser':","            local = local.global.utility2.objectSetDefault(","                local.global.utility2_rollup || local.global.local,","                local.global.utility2","            );","            break;","        // re-init local from example.js","        case 'node':","            local = (local.global.utility2_rollup || require('utility2'))","                .requireExampleJsFromReadme();","            break;","        }","        // export local","        local.global.local = local;","    }());","","","","    // run shared js-env code - function","    (function () {","        return;","    }());","    switch (local.modeJs) {","","","","    // run browser js-env code - function","    case 'browser':","        break;","","","","    // run node js-env code - function","    case 'node':","        break;","    }","","","","    // run shared js-env code - post-init","    (function () {","        return;","    }());","    switch (local.modeJs) {","","","","    // run browser js-env code - post-init","    case 'browser':","        local.testCase_browser_nullCase = local.testCase_browser_nullCase || function (","            options,","            onError","        ) {","        /*","         * this function will test browsers's null-case handling-behavior-behavior","         */","            onError(null, options);","        };","","        // run tests","        local.nop(local.modeTest &&","            document.querySelector('#testRunButton1') &&","            document.querySelector('#testRunButton1').click());","        break;","","","","    // run node js-env code - post-init","    /* istanbul ignore next */","    case 'node':","        local.testCase_buildApidoc_default = local.testCase_buildApidoc_default || function (","            options,","            onError","        ) {","        /*","         * this function will test buildApidoc's default handling-behavior-behavior","         */","            options = { modulePathList: module.paths };","            local.buildApidoc(options, onError);","        };","","        local.testCase_buildApp_default = local.testCase_buildApp_default || function (","            options,","            onError","        ) {","        /*","         * this function will test buildApp's default handling-behavior-behavior","         */","            local.testCase_buildReadme_default(options, local.onErrorThrow);","            local.testCase_buildLib_default(options, local.onErrorThrow);","            local.testCase_buildTest_default(options, local.onErrorThrow);","            local.testCase_buildCustomOrg_default(options, local.onErrorThrow);","            options = [];","            local.buildApp(options, onError);","        };","","        local.testCase_buildCustomOrg_default = local.testCase_buildCustomOrg_default ||","            function (options, onError) {","            /*","             * this function will test buildCustomOrg's default handling-behavior","             */","                options = {};","                local.buildCustomOrg(options, onError);","            };","","        local.testCase_buildLib_default = local.testCase_buildLib_default || function (","            options,","            onError","        ) {","        /*","         * this function will test buildLib's default handling-behavior","         */","            options = {};","            local.buildLib(options, onError);","        };","","        local.testCase_buildReadme_default = local.testCase_buildReadme_default || function (","            options,","            onError","        ) {","        /*","         * this function will test buildReadme's default handling-behavior-behavior","         */","            options = {};","            local.buildReadme(options, onError);","        };","","        local.testCase_buildTest_default = local.testCase_buildTest_default || function (","            options,","            onError","        ) {","        /*","         * this function will test buildTest's default handling-behavior","         */","            options = {};","            local.buildTest(options, onError);","        };","","        local.testCase_webpage_default = local.testCase_webpage_default || function (","            options,","            onError","        ) {","        /*","         * this function will test webpage's default handling-behavior","         */","            options = { modeCoverageMerge: true, url: local.serverLocalHost + '?modeTest=1' };","            local.browserTest(options, onError);","        };","","        // run test-server","        local.testRunServer(local);","        break;","    }","}());",""],"l":{"12":2,"14":2,"19":2,"21":2,"23":2,"24":2,"25":2,"30":1,"37":2,"40":2,"43":1,"47":1,"50":1,"52":1,"55":2,"61":2,"62":2,"64":2,"70":1,"76":1,"82":2,"83":2,"85":2,"91":1,"98":1,"102":1,"105":1,"112":1,"119":1,"120":1,"123":1,"130":1,"131":1,"132":1,"133":1,"134":1,"135":1,"138":1,"143":2,"144":2,"147":1,"154":2,"155":2,"158":1,"165":2,"166":2,"169":1,"176":2,"177":2,"180":1,"187":1,"188":1,"192":1,"193":1}},"/home/travis/build/npmtest/node-npmtest-dredd/lib.npmtest_dredd.js":{"path":"/home/travis/build/npmtest/node-npmtest-dredd/lib.npmtest_dredd.js","s":{"1":2,"2":2,"3":2,"4":2,"5":2,"6":2,"7":2,"8":1,"9":2,"10":2,"11":2,"12":2,"13":1,"14":1,"15":1,"16":1},"b":{"1":[2,1,1,1],"2":[1,1,1,1],"3":[1,1],"4":[2,2],"5":[1,1]},"f":{"1":2,"2":2,"3":2},"fnMap":{"1":{"name":"(anonymous_1)","line":12,"loc":{"start":{"line":12,"column":1},"end":{"line":12,"column":13}}},"2":{"name":"(anonymous_2)","line":19,"loc":{"start":{"line":19,"column":5},"end":{"line":19,"column":17}}},"3":{"name":"(anonymous_3)","line":23,"loc":{"start":{"line":23,"column":24},"end":{"line":23,"column":36}}}},"statementMap":{"1":{"start":{"line":12,"column":0},"end":{"line":53,"column":5}},"2":{"start":{"line":14,"column":4},"end":{"line":14,"column":14}},"3":{"start":{"line":19,"column":4},"end":{"line":52,"column":9}},"4":{"start":{"line":21,"column":8},"end":{"line":21,"column":19}},"5":{"start":{"line":23,"column":8},"end":{"line":35,"column":13}},"6":{"start":{"line":24,"column":12},"end":{"line":34,"column":13}},"7":{"start":{"line":25,"column":16},"end":{"line":28,"column":30}},"8":{"start":{"line":30,"column":16},"end":{"line":33,"column":27}},"9":{"start":{"line":37,"column":8},"end":{"line":39,"column":21}},"10":{"start":{"line":41,"column":8},"end":{"line":41,"column":54}},"11":{"start":{"line":43,"column":8},"end":{"line":43,"column":50}},"12":{"start":{"line":45,"column":8},"end":{"line":51,"column":9}},"13":{"start":{"line":46,"column":12},"end":{"line":46,"column":56}},"14":{"start":{"line":48,"column":12},"end":{"line":48,"column":35}},"15":{"start":{"line":49,"column":12},"end":{"line":49,"column":49}},"16":{"start":{"line":50,"column":12},"end":{"line":50,"column":43}}},"branchMap":{"1":{"line":25,"type":"binary-expr","locations":[{"start":{"line":25,"column":23},"end":{"line":25,"column":62}},{"start":{"line":26,"column":20},"end":{"line":26,"column":70}},{"start":{"line":27,"column":20},"end":{"line":27,"column":71}},{"start":{"line":28,"column":20},"end":{"line":28,"column":29}}]},"2":{"line":30,"type":"binary-expr","locations":[{"start":{"line":30,"column":23},"end":{"line":30,"column":37}},{"start":{"line":31,"column":20},"end":{"line":31,"column":61}},{"start":{"line":32,"column":20},"end":{"line":32,"column":70}},{"start":{"line":33,"column":20},"end":{"line":33,"column":26}}]},"3":{"line":37,"type":"cond-expr","locations":[{"start":{"line":38,"column":14},"end":{"line":38,"column":20}},{"start":{"line":39,"column":14},"end":{"line":39,"column":20}}]},"4":{"line":41,"type":"binary-expr","locations":[{"start":{"line":41,"column":16},"end":{"line":41,"column":44}},{"start":{"line":41,"column":48},"end":{"line":41,"column":53}}]},"5":{"line":45,"type":"if","locations":[{"start":{"line":45,"column":8},"end":{"line":45,"column":8}},{"start":{"line":45,"column":8},"end":{"line":45,"column":8}}]}},"code":["/* istanbul instrument in package npmtest_dredd */","/*jslint","    bitwise: true,","    browser: true,","    maxerr: 8,","    maxlen: 96,","    node: true,","    nomen: true,","    regexp: true,","    stupid: true","*/","(function () {","    'use strict';","    var local;","","","","    // run shared js-env code - pre-init","    (function () {","        // init local","        local = {};","        // init modeJs","        local.modeJs = (function () {","            try {","                return typeof navigator.userAgent === 'string' &&","                    typeof document.querySelector('body') === 'object' &&","                    typeof XMLHttpRequest.prototype.open === 'function' &&","                    'browser';","            } catch (errorCaughtBrowser) {","                return module.exports &&","                    typeof process.versions.node === 'string' &&","                    typeof require('http').createServer === 'function' &&","                    'node';","            }","        }());","        // init global","        local.global = local.modeJs === 'browser'","            ? window","            : global;","        // init utility2_rollup","        local = local.global.utility2_rollup || local;","        // init lib","        local.local = local.npmtest_dredd = local;","        // init exports","        if (local.modeJs === 'browser') {","            local.global.utility2_npmtest_dredd = local;","        } else {","            module.exports = local;","            module.exports.__dirname = __dirname;","            module.exports.module = module;","        }","    }());","}());",""],"l":{"12":2,"14":2,"19":2,"21":2,"23":2,"24":2,"25":2,"30":1,"37":2,"41":2,"43":2,"45":2,"46":1,"48":1,"49":1,"50":1}},"/home/travis/build/npmtest/node-npmtest-dredd/example.js":{"path":"/home/travis/build/npmtest/node-npmtest-dredd/example.js","s":{"1":2,"2":2,"3":2,"4":2,"5":2,"6":2,"7":2,"8":1,"9":2,"10":2,"11":2,"12":2,"13":1,"14":2,"15":2,"16":2,"17":2,"18":2,"19":0,"20":2,"21":1,"22":1,"23":1,"24":1,"25":1,"26":0,"27":0,"28":1,"29":1,"30":2,"31":0,"32":0,"33":0,"34":1,"35":2,"36":2,"37":3,"38":3,"39":3,"40":3,"41":0,"42":3,"43":3,"44":3,"45":1,"46":3,"47":1,"48":1,"49":1,"50":1,"51":1,"52":1,"53":1,"54":1,"55":1,"56":1,"57":0,"58":1,"59":6,"60":6,"61":1,"62":2,"63":0,"64":2,"65":1,"66":1,"67":0,"68":0,"69":0,"70":0,"71":0,"72":0,"73":0,"74":0,"75":0,"76":0,"77":0,"78":0,"79":0,"80":0,"81":0,"82":0,"83":0},"b":{"1":[2,1,1,1],"2":[1,1,1,1],"3":[1,1],"4":[2,2],"5":[1,1],"6":[1,1],"7":[2,0],"8":[2,1,1,1,1,1],"9":[0,2,0],"10":[1,1],"11":[2,1,1],"12":[1,0],"13":[0,2],"14":[2,0,0,0,0,0,0],"15":[0,3],"16":[3,0],"17":[1,1],"18":[0,1],"19":[1,2,0,2],"20":[1,0],"21":[1,1],"22":[0,0],"23":[0,0],"24":[0,0],"25":[0,0],"26":[0,0],"27":[0,0],"28":[0,0]},"f":{"1":2,"2":2,"3":2,"4":2,"5":2,"6":2,"7":3,"8":3,"9":3,"10":1,"11":6,"12":0},"fnMap":{"1":{"name":"(anonymous_1)","line":26,"loc":{"start":{"line":26,"column":1},"end":{"line":26,"column":13}}},"2":{"name":"(anonymous_2)","line":33,"loc":{"start":{"line":33,"column":5},"end":{"line":33,"column":17}}},"3":{"name":"(anonymous_3)","line":37,"loc":{"start":{"line":37,"column":24},"end":{"line":37,"column":36}}},"4":{"name":"(anonymous_4)","line":69,"loc":{"start":{"line":69,"column":31},"end":{"line":69,"column":48}},"skip":true},"5":{"name":"(anonymous_5)","line":78,"loc":{"start":{"line":78,"column":26},"end":{"line":78,"column":45}},"skip":true},"6":{"name":"(anonymous_6)","line":123,"loc":{"start":{"line":123,"column":33},"end":{"line":123,"column":48}},"skip":true},"7":{"name":"(anonymous_7)","line":125,"loc":{"start":{"line":125,"column":27},"end":{"line":125,"column":39}},"skip":true},"8":{"name":"(anonymous_8)","line":133,"loc":{"start":{"line":133,"column":59},"end":{"line":133,"column":74}},"skip":true},"9":{"name":"(anonymous_9)","line":143,"loc":{"start":{"line":143,"column":45},"end":{"line":143,"column":62}},"skip":true},"10":{"name":"(anonymous_10)","line":144,"loc":{"start":{"line":144,"column":73},"end":{"line":144,"column":92}},"skip":true},"11":{"name":"(anonymous_11)","line":272,"loc":{"start":{"line":272,"column":51},"end":{"line":272,"column":77}},"skip":true},"12":{"name":"(anonymous_12)","line":315,"loc":{"start":{"line":315,"column":32},"end":{"line":315,"column":61}},"skip":true}},"statementMap":{"1":{"start":{"line":26,"column":0},"end":{"line":326,"column":5}},"2":{"start":{"line":28,"column":4},"end":{"line":28,"column":14}},"3":{"start":{"line":33,"column":4},"end":{"line":60,"column":9}},"4":{"start":{"line":35,"column":8},"end":{"line":35,"column":19}},"5":{"start":{"line":37,"column":8},"end":{"line":49,"column":13}},"6":{"start":{"line":38,"column":12},"end":{"line":48,"column":13}},"7":{"start":{"line":39,"column":16},"end":{"line":42,"column":30}},"8":{"start":{"line":44,"column":16},"end":{"line":47,"column":27}},"9":{"start":{"line":51,"column":8},"end":{"line":53,"column":21}},"10":{"start":{"line":55,"column":8},"end":{"line":57,"column":45}},"11":{"start":{"line":59,"column":8},"end":{"line":59,"column":35}},"12":{"start":{"line":61,"column":4},"end":{"line":325,"column":5}},"13":{"start":{"line":69,"column":8},"end":{"line":121,"column":10},"skip":true},"14":{"start":{"line":70,"column":12},"end":{"line":88,"column":13},"skip":true},"15":{"start":{"line":76,"column":16},"end":{"line":87,"column":19},"skip":true},"16":{"start":{"line":79,"column":20},"end":{"line":86,"column":21},"skip":true},"17":{"start":{"line":82,"column":24},"end":{"line":82,"column":43},"skip":true},"18":{"start":{"line":83,"column":24},"end":{"line":83,"column":30},"skip":true},"19":{"start":{"line":85,"column":24},"end":{"line":85,"column":49},"skip":true},"20":{"start":{"line":89,"column":12},"end":{"line":107,"column":13},"skip":true},"21":{"start":{"line":92,"column":16},"end":{"line":102,"column":17},"skip":true},"22":{"start":{"line":93,"column":20},"end":{"line":93,"column":86},"skip":true},"23":{"start":{"line":94,"column":20},"end":{"line":95,"column":45},"skip":true},"24":{"start":{"line":96,"column":20},"end":{"line":96,"column":42},"skip":true},"25":{"start":{"line":97,"column":20},"end":{"line":97,"column":48},"skip":true},"26":{"start":{"line":100,"column":20},"end":{"line":100,"column":85},"skip":true},"27":{"start":{"line":101,"column":20},"end":{"line":101,"column":96},"skip":true},"28":{"start":{"line":103,"column":16},"end":{"line":103,"column":22},"skip":true},"29":{"start":{"line":106,"column":16},"end":{"line":106,"column":22},"skip":true},"30":{"start":{"line":108,"column":12},"end":{"line":120,"column":13},"skip":true},"31":{"start":{"line":114,"column":16},"end":{"line":119,"column":17},"skip":true},"32":{"start":{"line":116,"column":20},"end":{"line":116,"column":78},"skip":true},"33":{"start":{"line":118,"column":20},"end":{"line":118,"column":47},"skip":true},"34":{"start":{"line":123,"column":8},"end":{"line":141,"column":11},"skip":true},"35":{"start":{"line":124,"column":12},"end":{"line":124,"column":54},"skip":true},"36":{"start":{"line":125,"column":12},"end":{"line":140,"column":14},"skip":true},"37":{"start":{"line":126,"column":16},"end":{"line":126,"column":28},"skip":true},"38":{"start":{"line":127,"column":16},"end":{"line":127,"column":69},"skip":true},"39":{"start":{"line":128,"column":16},"end":{"line":128,"column":75},"skip":true},"40":{"start":{"line":129,"column":16},"end":{"line":131,"column":17},"skip":true},"41":{"start":{"line":130,"column":20},"end":{"line":130,"column":27},"skip":true},"42":{"start":{"line":133,"column":16},"end":{"line":137,"column":36},"skip":true},"43":{"start":{"line":134,"column":20},"end":{"line":136,"column":55},"skip":true},"44":{"start":{"line":139,"column":16},"end":{"line":139,"column":57},"skip":true},"45":{"start":{"line":143,"column":8},"end":{"line":147,"column":11},"skip":true},"46":{"start":{"line":144,"column":12},"end":{"line":146,"column":15},"skip":true},"47":{"start":{"line":145,"column":16},"end":{"line":145,"column":70},"skip":true},"48":{"start":{"line":149,"column":8},"end":{"line":149,"column":31},"skip":true},"49":{"start":{"line":150,"column":8},"end":{"line":150,"column":14},"skip":true},"50":{"start":{"line":158,"column":8},"end":{"line":158,"column":31},"skip":true},"51":{"start":{"line":160,"column":8},"end":{"line":160,"column":33},"skip":true},"52":{"start":{"line":161,"column":8},"end":{"line":161,"column":37},"skip":true},"53":{"start":{"line":162,"column":8},"end":{"line":162,"column":35},"skip":true},"54":{"start":{"line":164,"column":8},"end":{"line":164,"column":50},"skip":true},"55":{"start":{"line":166,"column":8},"end":{"line":256,"column":2},"skip":true},"56":{"start":{"line":258,"column":8},"end":{"line":286,"column":9},"skip":true},"57":{"start":{"line":259,"column":12},"end":{"line":269,"column":14},"skip":true},"58":{"start":{"line":271,"column":12},"end":{"line":285,"column":19},"skip":true},"59":{"start":{"line":274,"column":20},"end":{"line":274,"column":35},"skip":true},"60":{"start":{"line":275,"column":20},"end":{"line":284,"column":21},"skip":true},"61":{"start":{"line":277,"column":24},"end":{"line":277,"column":64},"skip":true},"62":{"start":{"line":279,"column":24},"end":{"line":279,"column":40},"skip":true},"63":{"start":{"line":281,"column":24},"end":{"line":281,"column":40},"skip":true},"64":{"start":{"line":283,"column":24},"end":{"line":283,"column":39},"skip":true},"65":{"start":{"line":288,"column":8},"end":{"line":290,"column":9},"skip":true},"66":{"start":{"line":289,"column":12},"end":{"line":289,"column":18},"skip":true},"67":{"start":{"line":291,"column":8},"end":{"line":293,"column":54},"skip":true},"68":{"start":{"line":296,"column":8},"end":{"line":301,"column":37},"skip":true},"69":{"start":{"line":303,"column":8},"end":{"line":303,"column":82},"skip":true},"70":{"start":{"line":306,"column":8},"end":{"line":308,"column":9},"skip":true},"71":{"start":{"line":307,"column":12},"end":{"line":307,"column":82},"skip":true},"72":{"start":{"line":310,"column":8},"end":{"line":312,"column":9},"skip":true},"73":{"start":{"line":311,"column":12},"end":{"line":311,"column":18},"skip":true},"74":{"start":{"line":313,"column":8},"end":{"line":313,"column":54},"skip":true},"75":{"start":{"line":314,"column":8},"end":{"line":314,"column":69},"skip":true},"76":{"start":{"line":315,"column":8},"end":{"line":323,"column":36},"skip":true},"77":{"start":{"line":316,"column":12},"end":{"line":316,"column":61},"skip":true},"78":{"start":{"line":317,"column":12},"end":{"line":320,"column":13},"skip":true},"79":{"start":{"line":318,"column":16},"end":{"line":318,"column":75},"skip":true},"80":{"start":{"line":319,"column":16},"end":{"line":319,"column":23},"skip":true},"81":{"start":{"line":321,"column":12},"end":{"line":321,"column":38},"skip":true},"82":{"start":{"line":322,"column":12},"end":{"line":322,"column":27},"skip":true},"83":{"start":{"line":324,"column":8},"end":{"line":324,"column":14},"skip":true}},"branchMap":{"1":{"line":39,"type":"binary-expr","locations":[{"start":{"line":39,"column":23},"end":{"line":39,"column":62}},{"start":{"line":40,"column":20},"end":{"line":40,"column":70}},{"start":{"line":41,"column":20},"end":{"line":41,"column":71}},{"start":{"line":42,"column":20},"end":{"line":42,"column":29}}]},"2":{"line":44,"type":"binary-expr","locations":[{"start":{"line":44,"column":23},"end":{"line":44,"column":37}},{"start":{"line":45,"column":20},"end":{"line":45,"column":61}},{"start":{"line":46,"column":20},"end":{"line":46,"column":70}},{"start":{"line":47,"column":20},"end":{"line":47,"column":26}}]},"3":{"line":51,"type":"cond-expr","locations":[{"start":{"line":52,"column":14},"end":{"line":52,"column":20}},{"start":{"line":53,"column":14},"end":{"line":53,"column":20}}]},"4":{"line":55,"type":"binary-expr","locations":[{"start":{"line":55,"column":16},"end":{"line":55,"column":44}},{"start":{"line":55,"column":49},"end":{"line":57,"column":43}}]},"5":{"line":55,"type":"cond-expr","locations":[{"start":{"line":56,"column":14},"end":{"line":56,"column":49}},{"start":{"line":57,"column":14},"end":{"line":57,"column":43}}]},"6":{"line":61,"type":"switch","locations":[{"start":{"line":68,"column":4},"end":{"line":150,"column":14},"skip":true},{"start":{"line":156,"column":4},"end":{"line":324,"column":14},"skip":true}]},"7":{"line":70,"type":"if","locations":[{"start":{"line":70,"column":12},"end":{"line":70,"column":12},"skip":true},{"start":{"line":70,"column":12},"end":{"line":70,"column":12},"skip":true}]},"8":{"line":70,"type":"binary-expr","locations":[{"start":{"line":70,"column":16},"end":{"line":70,"column":22},"skip":true},{"start":{"line":70,"column":27},"end":{"line":70,"column":32},"skip":true},{"start":{"line":71,"column":20},"end":{"line":71,"column":39},"skip":true},{"start":{"line":72,"column":20},"end":{"line":72,"column":49},"skip":true},{"start":{"line":73,"column":20},"end":{"line":73,"column":58},"skip":true},{"start":{"line":74,"column":20},"end":{"line":74,"column":69},"skip":true}]},"9":{"line":79,"type":"switch","locations":[{"start":{"line":80,"column":20},"end":{"line":80,"column":33},"skip":true},{"start":{"line":81,"column":20},"end":{"line":83,"column":30},"skip":true},{"start":{"line":84,"column":20},"end":{"line":85,"column":49},"skip":true}]},"10":{"line":89,"type":"switch","locations":[{"start":{"line":90,"column":12},"end":{"line":103,"column":22},"skip":true},{"start":{"line":105,"column":12},"end":{"line":106,"column":22},"skip":true}]},"11":{"line":89,"type":"binary-expr","locations":[{"start":{"line":89,"column":20},"end":{"line":89,"column":25},"skip":true},{"start":{"line":89,"column":29},"end":{"line":89,"column":48},"skip":true},{"start":{"line":89,"column":52},"end":{"line":89,"column":74},"skip":true}]},"12":{"line":92,"type":"if","locations":[{"start":{"line":92,"column":16},"end":{"line":92,"column":16},"skip":true},{"start":{"line":92,"column":16},"end":{"line":92,"column":16},"skip":true}]},"13":{"line":108,"type":"if","locations":[{"start":{"line":108,"column":12},"end":{"line":108,"column":12},"skip":true},{"start":{"line":108,"column":12},"end":{"line":108,"column":12},"skip":true}]},"14":{"line":108,"type":"binary-expr","locations":[{"start":{"line":108,"column":16},"end":{"line":108,"column":61},"skip":true},{"start":{"line":108,"column":66},"end":{"line":108,"column":72},"skip":true},{"start":{"line":108,"column":77},"end":{"line":108,"column":82},"skip":true},{"start":{"line":109,"column":20},"end":{"line":109,"column":39},"skip":true},{"start":{"line":110,"column":20},"end":{"line":110,"column":49},"skip":true},{"start":{"line":111,"column":20},"end":{"line":111,"column":58},"skip":true},{"start":{"line":112,"column":20},"end":{"line":112,"column":68},"skip":true}]},"15":{"line":129,"type":"if","locations":[{"start":{"line":129,"column":16},"end":{"line":129,"column":16},"skip":true},{"start":{"line":129,"column":16},"end":{"line":129,"column":16},"skip":true}]},"16":{"line":134,"type":"cond-expr","locations":[{"start":{"line":135,"column":26},"end":{"line":135,"column":29},"skip":true},{"start":{"line":136,"column":26},"end":{"line":136,"column":54},"skip":true}]},"17":{"line":164,"type":"binary-expr","locations":[{"start":{"line":164,"column":27},"end":{"line":164,"column":43},"skip":true},{"start":{"line":164,"column":47},"end":{"line":164,"column":49},"skip":true}]},"18":{"line":258,"type":"if","locations":[{"start":{"line":258,"column":8},"end":{"line":258,"column":8},"skip":true},{"start":{"line":258,"column":8},"end":{"line":258,"column":8},"skip":true}]},"19":{"line":275,"type":"switch","locations":[{"start":{"line":276,"column":20},"end":{"line":277,"column":64},"skip":true},{"start":{"line":278,"column":20},"end":{"line":279,"column":40},"skip":true},{"start":{"line":280,"column":20},"end":{"line":281,"column":40},"skip":true},{"start":{"line":282,"column":20},"end":{"line":283,"column":39},"skip":true}]},"20":{"line":288,"type":"if","locations":[{"start":{"line":288,"column":8},"end":{"line":288,"column":8},"skip":true},{"start":{"line":288,"column":8},"end":{"line":288,"column":8},"skip":true}]},"21":{"line":288,"type":"binary-expr","locations":[{"start":{"line":288,"column":12},"end":{"line":288,"column":40},"skip":true},{"start":{"line":288,"column":44},"end":{"line":288,"column":67},"skip":true}]},"22":{"line":292,"type":"binary-expr","locations":[{"start":{"line":292,"column":12},"end":{"line":292,"column":50},"skip":true},{"start":{"line":293,"column":12},"end":{"line":293,"column":53},"skip":true}]},"23":{"line":297,"type":"binary-expr","locations":[{"start":{"line":297,"column":12},"end":{"line":297,"column":63},"skip":true},{"start":{"line":298,"column":12},"end":{"line":301,"column":36},"skip":true}]},"24":{"line":303,"type":"binary-expr","locations":[{"start":{"line":303,"column":43},"end":{"line":303,"column":75},"skip":true},{"start":{"line":303,"column":79},"end":{"line":303,"column":81},"skip":true}]},"25":{"line":306,"type":"if","locations":[{"start":{"line":306,"column":8},"end":{"line":306,"column":8},"skip":true},{"start":{"line":306,"column":8},"end":{"line":306,"column":8},"skip":true}]},"26":{"line":310,"type":"if","locations":[{"start":{"line":310,"column":8},"end":{"line":310,"column":8},"skip":true},{"start":{"line":310,"column":8},"end":{"line":310,"column":8},"skip":true}]},"27":{"line":313,"type":"binary-expr","locations":[{"start":{"line":313,"column":27},"end":{"line":313,"column":43},"skip":true},{"start":{"line":313,"column":47},"end":{"line":313,"column":53},"skip":true}]},"28":{"line":317,"type":"if","locations":[{"start":{"line":317,"column":12},"end":{"line":317,"column":12},"skip":true},{"start":{"line":317,"column":12},"end":{"line":317,"column":12},"skip":true}]}},"code":["/*","example.js","","quickstart example","","instruction","    1. save this script as example.js","    2. run the shell command:","        $ npm install npmtest-dredd && PORT=8081 node example.js","    3. play with the browser-demo on http://127.0.0.1:8081","*/","","","","/* istanbul instrument in package npmtest_dredd */","/*jslint","    bitwise: true,","    browser: true,","    maxerr: 8,","    maxlen: 96,","    node: true,","    nomen: true,","    regexp: true,","    stupid: true","*/","(function () {","    'use strict';","    var local;","","","","    // run shared js-env code - pre-init","    (function () {","        // init local","        local = {};","        // init modeJs","        local.modeJs = (function () {","            try {","                return typeof navigator.userAgent === 'string' &&","                    typeof document.querySelector('body') === 'object' &&","                    typeof XMLHttpRequest.prototype.open === 'function' &&","                    'browser';","            } catch (errorCaughtBrowser) {","                return module.exports &&","                    typeof process.versions.node === 'string' &&","                    typeof require('http').createServer === 'function' &&","                    'node';","            }","        }());","        // init global","        local.global = local.modeJs === 'browser'","            ? window","            : global;","        // init utility2_rollup","        local = local.global.utility2_rollup || (local.modeJs === 'browser'","            ? local.global.utility2_npmtest_dredd","            : global.utility2_moduleExports);","        // export local","        local.global.local = local;","    }());","    switch (local.modeJs) {","","","","    // post-init","    // run browser js-env code - post-init","    /* istanbul ignore next */","    case 'browser':","        local.testRunBrowser = function (event) {","            if (!event || (event &&","                    event.currentTarget &&","                    event.currentTarget.className &&","                    event.currentTarget.className.includes &&","                    event.currentTarget.className.includes('onreset'))) {","                // reset output","                Array.from(","                    document.querySelectorAll('body > .resettable')","                ).forEach(function (element) {","                    switch (element.tagName) {","                    case 'INPUT':","                    case 'TEXTAREA':","                        element.value = '';","                        break;","                    default:","                        element.textContent = '';","                    }","                });","            }","            switch (event && event.currentTarget && event.currentTarget.id) {","            case 'testRunButton1':","                // show tests","                if (document.querySelector('#testReportDiv1').style.display === 'none') {","                    document.querySelector('#testReportDiv1').style.display = 'block';","                    document.querySelector('#testRunButton1').textContent =","                        'hide internal test';","                    local.modeTest = true;","                    local.testRunDefault(local);","                // hide tests","                } else {","                    document.querySelector('#testReportDiv1').style.display = 'none';","                    document.querySelector('#testRunButton1').textContent = 'run internal test';","                }","                break;","            // custom-case","            default:","                break;","            }","            if (document.querySelector('#inputTextareaEval1') && (!event || (event &&","                    event.currentTarget &&","                    event.currentTarget.className &&","                    event.currentTarget.className.includes &&","                    event.currentTarget.className.includes('oneval')))) {","                // try to eval input-code","                try {","                    /*jslint evil: true*/","                    eval(document.querySelector('#inputTextareaEval1').value);","                } catch (errorCaught) {","                    console.error(errorCaught);","                }","            }","        };","        // log stderr and stdout to #outputTextareaStdout1","        ['error', 'log'].forEach(function (key) {","            console[key + '_original'] = console[key];","            console[key] = function () {","                var element;","                console[key + '_original'].apply(console, arguments);","                element = document.querySelector('#outputTextareaStdout1');","                if (!element) {","                    return;","                }","                // append text to #outputTextareaStdout1","                element.value += Array.from(arguments).map(function (arg) {","                    return typeof arg === 'string'","                        ? arg","                        : JSON.stringify(arg, null, 4);","                }).join(' ') + '\\n';","                // scroll textarea to bottom","                element.scrollTop = element.scrollHeight;","            };","        });","        // init event-handling","        ['change', 'click', 'keyup'].forEach(function (event) {","            Array.from(document.querySelectorAll('.on' + event)).forEach(function (element) {","                element.addEventListener(event, local.testRunBrowser);","            });","        });","        // run tests","        local.testRunBrowser();","        break;","","","","    // run node js-env code - post-init","    /* istanbul ignore next */","    case 'node':","        // export local","        module.exports = local;","        // require modules","        local.fs = require('fs');","        local.http = require('http');","        local.url = require('url');","        // init assets","        local.assetsDict = local.assetsDict || {};","        /* jslint-ignore-begin */","        local.assetsDict['/assets.index.template.html'] = '\\","<!doctype html>\\n\\","<html lang=\"en\">\\n\\","<head>\\n\\","<meta charset=\"UTF-8\">\\n\\","<meta name=\"viewport\" content=\"width=device-width, initial-scale=1\">\\n\\","<title>{{env.npm_package_name}} (v{{env.npm_package_version}})</title>\\n\\","<style>\\n\\","/*csslint\\n\\","    box-sizing: false,\\n\\","    universal-selector: false\\n\\","*/\\n\\","* {\\n\\","    box-sizing: border-box;\\n\\","}\\n\\","body {\\n\\","    background: #dde;\\n\\","    font-family: Arial, Helvetica, sans-serif;\\n\\","    margin: 2rem;\\n\\","}\\n\\","body > * {\\n\\","    margin-bottom: 1rem;\\n\\","}\\n\\",".utility2FooterDiv {\\n\\","    margin-top: 20px;\\n\\","    text-align: center;\\n\\","}\\n\\","</style>\\n\\","<style>\\n\\","/*csslint\\n\\","*/\\n\\","textarea {\\n\\","    font-family: monospace;\\n\\","    height: 10rem;\\n\\","    width: 100%;\\n\\","}\\n\\","textarea[readonly] {\\n\\","    background: #ddd;\\n\\","}\\n\\","</style>\\n\\","</head>\\n\\","<body>\\n\\","<!-- utility2-comment\\n\\","<div id=\"ajaxProgressDiv1\" style=\"background: #d00; height: 2px; left: 0; margin: 0; padding: 0; position: fixed; top: 0; transition: background 0.5s, width 1.5s; width: 25%;\"></div>\\n\\","utility2-comment -->\\n\\","<h1>\\n\\","<!-- utility2-comment\\n\\","    <a\\n\\","        {{#if env.npm_package_homepage}}\\n\\","        href=\"{{env.npm_package_homepage}}\"\\n\\","        {{/if env.npm_package_homepage}}\\n\\","        target=\"_blank\"\\n\\","    >\\n\\","utility2-comment -->\\n\\","        {{env.npm_package_name}} (v{{env.npm_package_version}})\\n\\","<!-- utility2-comment\\n\\","    </a>\\n\\","utility2-comment -->\\n\\","</h1>\\n\\","<h3>{{env.npm_package_description}}</h3>\\n\\","<!-- utility2-comment\\n\\","<h4><a download href=\"assets.app.js\">download standalone app</a></h4>\\n\\","<button class=\"onclick onreset\" id=\"testRunButton1\">run internal test</button><br>\\n\\","<div id=\"testReportDiv1\" style=\"display: none;\"></div>\\n\\","utility2-comment -->\\n\\","\\n\\","\\n\\","\\n\\","<label>stderr and stdout</label>\\n\\","<textarea class=\"resettable\" id=\"outputTextareaStdout1\" readonly></textarea>\\n\\","<!-- utility2-comment\\n\\","{{#if isRollup}}\\n\\","<script src=\"assets.app.js\"></script>\\n\\","{{#unless isRollup}}\\n\\","utility2-comment -->\\n\\","<script src=\"assets.utility2.rollup.js\"></script>\\n\\","<script src=\"jsonp.utility2._stateInit?callback=window.utility2._stateInit\"></script>\\n\\","<script src=\"assets.npmtest_dredd.rollup.js\"></script>\\n\\","<script src=\"assets.example.js\"></script>\\n\\","<script src=\"assets.test.js\"></script>\\n\\","<!-- utility2-comment\\n\\","{{/if isRollup}}\\n\\","utility2-comment -->\\n\\","<div class=\"utility2FooterDiv\">\\n\\","    [ this app was created with\\n\\","    <a href=\"https://github.com/kaizhu256/node-utility2\" target=\"_blank\">utility2</a>\\n\\","    ]\\n\\","</div>\\n\\","</body>\\n\\","</html>\\n\\","';","        /* jslint-ignore-end */","        if (local.templateRender) {","            local.assetsDict['/'] = local.templateRender(","                local.assetsDict['/assets.index.template.html'],","                {","                    env: local.objectSetDefault(local.env, {","                        npm_package_description: 'the greatest app in the world!',","                        npm_package_name: 'my-app',","                        npm_package_nameAlias: 'my_app',","                        npm_package_version: '0.0.1'","                    })","                }","            );","        } else {","            local.assetsDict['/'] = local.assetsDict['/assets.index.template.html']","                .replace((/\\{\\{env\\.(\\w+?)\\}\\}/g), function (match0, match1) {","                    // jslint-hack","                    String(match0);","                    switch (match1) {","                    case 'npm_package_description':","                        return 'the greatest app in the world!';","                    case 'npm_package_name':","                        return 'my-app';","                    case 'npm_package_nameAlias':","                        return 'my_app';","                    case 'npm_package_version':","                        return '0.0.1';","                    }","                });","        }","        // run the cli","        if (local.global.utility2_rollup || module !== require.main) {","            break;","        }","        local.assetsDict['/assets.example.js'] =","            local.assetsDict['/assets.example.js'] ||","            local.fs.readFileSync(__filename, 'utf8');","        // bug-workaround - long $npm_package_buildCustomOrg","        /* jslint-ignore-begin */","        local.assetsDict['/assets.npmtest_dredd.rollup.js'] =","            local.assetsDict['/assets.npmtest_dredd.rollup.js'] ||","            local.fs.readFileSync(","                local.npmtest_dredd.__dirname + '/lib.npmtest_dredd.js',","                'utf8'","            ).replace((/^#!/), '//');","        /* jslint-ignore-end */","        local.assetsDict['/favicon.ico'] = local.assetsDict['/favicon.ico'] || '';","        // if $npm_config_timeout_exit exists,","        // then exit this process after $npm_config_timeout_exit ms","        if (Number(process.env.npm_config_timeout_exit)) {","            setTimeout(process.exit, Number(process.env.npm_config_timeout_exit));","        }","        // start server","        if (local.global.utility2_serverHttp1) {","            break;","        }","        process.env.PORT = process.env.PORT || '8081';","        console.error('server starting on port ' + process.env.PORT);","        local.http.createServer(function (request, response) {","            request.urlParsed = local.url.parse(request.url);","            if (local.assetsDict[request.urlParsed.pathname] !== undefined) {","                response.end(local.assetsDict[request.urlParsed.pathname]);","                return;","            }","            response.statusCode = 404;","            response.end();","        }).listen(process.env.PORT);","        break;","    }","}());",""],"l":{"26":2,"28":2,"33":2,"35":2,"37":2,"38":2,"39":2,"44":1,"51":2,"55":2,"59":2,"61":2,"69":1,"70":2,"76":2,"79":2,"82":2,"83":2,"85":1,"89":2,"92":1,"93":1,"94":1,"96":1,"97":1,"100":1,"101":1,"103":1,"106":1,"108":2,"114":1,"116":1,"118":1,"123":1,"124":2,"125":2,"126":3,"127":3,"128":3,"129":3,"130":1,"133":3,"134":3,"139":3,"143":1,"144":3,"145":1,"149":1,"150":1,"158":1,"160":1,"161":1,"162":1,"164":1,"166":1,"258":1,"259":1,"271":1,"274":6,"275":6,"277":1,"279":2,"281":1,"283":2,"288":1,"289":1,"291":1,"296":1,"303":1,"306":1,"307":1,"310":1,"311":1,"313":1,"314":1,"315":1,"316":1,"317":1,"318":1,"319":1,"321":1,"322":1,"324":1}},"/home/travis/build/npmtest/node-npmtest-dredd/node_modules/dredd/lib/dredd.js":{"path":"/home/travis/build/npmtest/node-npmtest-dredd/node_modules/dredd/lib/dredd.js","s":{"1":1,"2":0,"3":0,"4":0,"5":0,"6":1,"7":1,"8":1,"9":1,"10":1,"11":1,"12":1,"13":1,"14":1,"15":1,"16":1,"17":1,"18":1,"19":1,"20":1,"21":1,"22":0,"23":0,"24":0,"25":0,"26":1,"27":1,"28":0,"29":1,"30":0,"31":0,"32":0,"33":0,"34":0,"35":0,"36":0,"37":0,"38":1,"39":0,"40":0,"41":0,"42":0,"43":0,"44":0,"45":0,"46":0,"47":0,"48":0,"49":0,"50":0,"51":0,"52":0,"53":0,"54":1,"55":0,"56":0,"57":0,"58":0,"59":0,"60":0,"61":0,"62":0,"63":0,"64":0,"65":0,"66":0,"67":0,"68":0,"69":0,"70":0,"71":0,"72":0,"73":0,"74":0,"75":0,"76":0,"77":0,"78":0,"79":0,"80":0,"81":0,"82":0,"83":0,"84":0,"85":0,"86":0,"87":0,"88":0,"89":0,"90":0,"91":0,"92":0,"93":0,"94":0,"95":0,"96":0,"97":0,"98":1,"99":0,"100":0,"101":0,"102":0,"103":0,"104":0,"105":0,"106":0,"107":0,"108":0,"109":0,"110":0,"111":0,"112":0,"113":0,"114":0,"115":0,"116":0,"117":1,"118":0,"119":0,"120":0,"121":0,"122":0,"123":0,"124":0,"125":0,"126":1,"127":0,"128":0,"129":0,"130":0,"131":0,"132":0,"133":0,"134":0,"135":0,"136":0,"137":0,"138":0,"139":0,"140":0,"141":0,"142":1,"143":0,"144":0,"145":0,"146":0,"147":0,"148":0,"149":0,"150":0,"151":1,"152":0,"153":0,"154":0,"155":0,"156":0,"157":0,"158":0,"159":0,"160":0,"161":0,"162":0,"163":0,"164":0,"165":0,"166":0,"167":0,"168":0,"169":0,"170":0,"171":0,"172":0,"173":0,"174":0,"175":0,"176":0,"177":0,"178":0,"179":0,"180":0,"181":1,"182":0,"183":0,"184":0,"185":0,"186":0,"187":0,"188":0,"189":0,"190":0,"191":0,"192":0,"193":1,"194":0,"195":0,"196":1,"197":0,"198":0,"199":0,"200":0,"201":0,"202":0,"203":0,"204":1,"205":1,"206":1},"b":{"1":[1,0],"2":[0,0],"3":[0,0],"4":[0,0],"5":[0,0],"6":[0,0],"7":[0,0],"8":[0,0],"9":[0,0],"10":[0,0],"11":[0,0],"12":[0,0],"13":[0,0],"14":[0,0],"15":[0,0,0],"16":[0,0],"17":[0,0],"18":[0,0],"19":[0,0],"20":[0,0],"21":[0,0],"22":[0,0],"23":[0,0],"24":[0,0],"25":[0,0],"26":[0,0],"27":[0,0],"28":[0,0,0],"29":[0,0],"30":[0,0],"31":[0,0],"32":[0,0,0],"33":[0,0],"34":[0,0],"35":[0,0],"36":[0,0],"37":[0,0],"38":[0,0],"39":[0,0],"40":[0,0],"41":[0,0]},"f":{"1":0,"2":0,"3":0,"4":1,"5":0,"6":0,"7":0,"8":0,"9":0,"10":0,"11":0,"12":0,"13":0,"14":0,"15":0,"16":0,"17":0,"18":0,"19":0,"20":0,"21":0,"22":0,"23":0,"24":0,"25":0,"26":0,"27":0,"28":0,"29":0,"30":0,"31":0,"32":0,"33":0,"34":0,"35":0,"36":0,"37":0,"38":0,"39":0,"40":0,"41":0,"42":0},"fnMap":{"1":{"name":"(anonymous_1)","line":4,"loc":{"start":{"line":4,"column":26},"end":{"line":4,"column":41}}},"2":{"name":"(anonymous_2)","line":36,"loc":{"start":{"line":36,"column":19},"end":{"line":36,"column":33}}},"3":{"name":"(anonymous_3)","line":37,"loc":{"start":{"line":37,"column":20},"end":{"line":37,"column":60}}},"4":{"name":"(anonymous_4)","line":45,"loc":{"start":{"line":45,"column":9},"end":{"line":45,"column":20}}},"5":{"name":"Dredd","line":46,"loc":{"start":{"line":46,"column":2},"end":{"line":46,"column":25}}},"6":{"name":"(anonymous_6)","line":50,"loc":{"start":{"line":50,"column":25},"end":{"line":50,"column":42}}},"7":{"name":"(anonymous_7)","line":70,"loc":{"start":{"line":70,"column":37},"end":{"line":70,"column":48}}},"8":{"name":"(anonymous_8)","line":91,"loc":{"start":{"line":91,"column":24},"end":{"line":91,"column":43}}},"9":{"name":"(anonymous_9)","line":123,"loc":{"start":{"line":123,"column":29},"end":{"line":123,"column":45}}},"10":{"name":"(anonymous_10)","line":124,"loc":{"start":{"line":124,"column":13},"end":{"line":124,"column":32}}},"11":{"name":"(anonymous_11)","line":129,"loc":{"start":{"line":129,"column":31},"end":{"line":129,"column":49}}},"12":{"name":"(anonymous_12)","line":134,"loc":{"start":{"line":134,"column":43},"end":{"line":134,"column":64}}},"13":{"name":"(anonymous_13)","line":139,"loc":{"start":{"line":139,"column":35},"end":{"line":139,"column":58}}},"14":{"name":"(anonymous_14)","line":144,"loc":{"start":{"line":144,"column":39},"end":{"line":144,"column":59}}},"15":{"name":"(anonymous_15)","line":158,"loc":{"start":{"line":158,"column":32},"end":{"line":158,"column":51}}},"16":{"name":"(anonymous_16)","line":159,"loc":{"start":{"line":159,"column":56},"end":{"line":159,"column":72}}},"17":{"name":"(anonymous_17)","line":160,"loc":{"start":{"line":160,"column":13},"end":{"line":160,"column":50}}},"18":{"name":"(anonymous_18)","line":165,"loc":{"start":{"line":165,"column":34},"end":{"line":165,"column":55}}},"19":{"name":"(anonymous_19)","line":173,"loc":{"start":{"line":173,"column":15},"end":{"line":173,"column":31}}},"20":{"name":"(anonymous_20)","line":174,"loc":{"start":{"line":174,"column":13},"end":{"line":174,"column":27}}},"21":{"name":"(anonymous_21)","line":188,"loc":{"start":{"line":188,"column":30},"end":{"line":188,"column":49}}},"22":{"name":"(anonymous_22)","line":189,"loc":{"start":{"line":189,"column":57},"end":{"line":189,"column":73}}},"23":{"name":"(anonymous_23)","line":190,"loc":{"start":{"line":190,"column":13},"end":{"line":190,"column":51}}},"24":{"name":"(anonymous_24)","line":203,"loc":{"start":{"line":203,"column":33},"end":{"line":203,"column":61}}},"25":{"name":"(anonymous_25)","line":207,"loc":{"start":{"line":207,"column":33},"end":{"line":207,"column":49}}},"26":{"name":"(anonymous_26)","line":208,"loc":{"start":{"line":208,"column":13},"end":{"line":208,"column":48}}},"27":{"name":"(anonymous_27)","line":228,"loc":{"start":{"line":228,"column":34},"end":{"line":228,"column":63}}},"28":{"name":"(anonymous_28)","line":229,"loc":{"start":{"line":229,"column":42},"end":{"line":229,"column":58}}},"29":{"name":"(anonymous_29)","line":230,"loc":{"start":{"line":230,"column":13},"end":{"line":230,"column":39}}},"30":{"name":"(anonymous_30)","line":245,"loc":{"start":{"line":245,"column":40},"end":{"line":245,"column":59}}},"31":{"name":"(anonymous_31)","line":247,"loc":{"start":{"line":247,"column":61},"end":{"line":247,"column":77}}},"32":{"name":"(anonymous_32)","line":248,"loc":{"start":{"line":248,"column":13},"end":{"line":248,"column":38}}},"33":{"name":"(anonymous_33)","line":255,"loc":{"start":{"line":255,"column":65},"end":{"line":255,"column":111}}},"34":{"name":"(anonymous_34)","line":277,"loc":{"start":{"line":277,"column":15},"end":{"line":277,"column":31}}},"35":{"name":"(anonymous_35)","line":278,"loc":{"start":{"line":278,"column":13},"end":{"line":278,"column":36}}},"36":{"name":"(anonymous_36)","line":287,"loc":{"start":{"line":287,"column":30},"end":{"line":287,"column":49}}},"37":{"name":"(anonymous_37)","line":291,"loc":{"start":{"line":291,"column":78},"end":{"line":291,"column":94}}},"38":{"name":"(anonymous_38)","line":292,"loc":{"start":{"line":292,"column":13},"end":{"line":292,"column":37}}},"39":{"name":"(anonymous_39)","line":305,"loc":{"start":{"line":305,"column":32},"end":{"line":305,"column":51}}},"40":{"name":"(anonymous_40)","line":310,"loc":{"start":{"line":310,"column":41},"end":{"line":310,"column":60}}},"41":{"name":"(anonymous_41)","line":313,"loc":{"start":{"line":313,"column":51},"end":{"line":313,"column":67}}},"42":{"name":"(anonymous_42)","line":314,"loc":{"start":{"line":314,"column":13},"end":{"line":314,"column":24}}}},"statementMap":{"1":{"start":{"line":2,"column":0},"end":{"line":4,"column":150}},"2":{"start":{"line":4,"column":43},"end":{"line":4,"column":136}},"3":{"start":{"line":4,"column":90},"end":{"line":4,"column":134}},"4":{"start":{"line":4,"column":125},"end":{"line":4,"column":134}},"5":{"start":{"line":4,"column":137},"end":{"line":4,"column":147}},"6":{"start":{"line":6,"column":0},"end":{"line":6,"column":23}},"7":{"start":{"line":8,"column":0},"end":{"line":8,"column":19}},"8":{"start":{"line":10,"column":0},"end":{"line":10,"column":25}},"9":{"start":{"line":12,"column":0},"end":{"line":12,"column":25}},"10":{"start":{"line":14,"column":0},"end":{"line":14,"column":29}},"11":{"start":{"line":16,"column":0},"end":{"line":16,"column":21}},"12":{"start":{"line":18,"column":0},"end":{"line":18,"column":29}},"13":{"start":{"line":20,"column":0},"end":{"line":20,"column":31}},"14":{"start":{"line":22,"column":0},"end":{"line":22,"column":41}},"15":{"start":{"line":24,"column":0},"end":{"line":24,"column":67}},"16":{"start":{"line":26,"column":0},"end":{"line":26,"column":61}},"17":{"start":{"line":28,"column":0},"end":{"line":28,"column":50}},"18":{"start":{"line":30,"column":0},"end":{"line":30,"column":54}},"19":{"start":{"line":32,"column":0},"end":{"line":32,"column":64}},"20":{"start":{"line":34,"column":0},"end":{"line":34,"column":29}},"21":{"start":{"line":36,"column":0},"end":{"line":43,"column":2}},"22":{"start":{"line":37,"column":2},"end":{"line":42,"column":9}},"23":{"start":{"line":38,"column":4},"end":{"line":40,"column":5}},"24":{"start":{"line":39,"column":6},"end":{"line":39,"column":50}},"25":{"start":{"line":41,"column":4},"end":{"line":41,"column":28}},"26":{"start":{"line":45,"column":0},"end":{"line":325,"column":5}},"27":{"start":{"line":46,"column":2},"end":{"line":48,"column":3}},"28":{"start":{"line":47,"column":4},"end":{"line":47,"column":22}},"29":{"start":{"line":50,"column":2},"end":{"line":68,"column":4}},"30":{"start":{"line":51,"column":4},"end":{"line":51,"column":52}},"31":{"start":{"line":52,"column":4},"end":{"line":52,"column":33}},"32":{"start":{"line":53,"column":4},"end":{"line":53,"column":20}},"33":{"start":{"line":54,"column":4},"end":{"line":63,"column":6}},"34":{"start":{"line":64,"column":4},"end":{"line":64,"column":27}},"35":{"start":{"line":65,"column":4},"end":{"line":65,"column":49}},"36":{"start":{"line":66,"column":4},"end":{"line":66,"column":80}},"37":{"start":{"line":67,"column":4},"end":{"line":67,"column":35}},"38":{"start":{"line":70,"column":2},"end":{"line":89,"column":4}},"39":{"start":{"line":71,"column":4},"end":{"line":71,"column":77}},"40":{"start":{"line":72,"column":4},"end":{"line":72,"column":23}},"41":{"start":{"line":73,"column":4},"end":{"line":73,"column":22}},"42":{"start":{"line":74,"column":4},"end":{"line":84,"column":5}},"43":{"start":{"line":75,"column":6},"end":{"line":75,"column":56}},"44":{"start":{"line":75,"column":47},"end":{"line":75,"column":56}},"45":{"start":{"line":76,"column":6},"end":{"line":76,"column":46}},"46":{"start":{"line":77,"column":6},"end":{"line":79,"column":7}},"47":{"start":{"line":78,"column":8},"end":{"line":78,"column":17}},"48":{"start":{"line":80,"column":6},"end":{"line":82,"column":7}},"49":{"start":{"line":81,"column":8},"end":{"line":81,"column":17}},"50":{"start":{"line":83,"column":6},"end":{"line":83,"column":67}},"51":{"start":{"line":85,"column":4},"end":{"line":88,"column":5}},"52":{"start":{"line":86,"column":6},"end":{"line":86,"column":234}},"53":{"start":{"line":87,"column":6},"end":{"line":87,"column":37}},"54":{"start":{"line":91,"column":2},"end":{"line":156,"column":4}},"55":{"start":{"line":92,"column":4},"end":{"line":92,"column":53}},"56":{"start":{"line":93,"column":4},"end":{"line":93,"column":34}},"57":{"start":{"line":94,"column":4},"end":{"line":96,"column":5}},"58":{"start":{"line":95,"column":6},"end":{"line":95,"column":22}},"59":{"start":{"line":97,"column":4},"end":{"line":99,"column":5}},"60":{"start":{"line":98,"column":6},"end":{"line":98,"column":22}},"61":{"start":{"line":100,"column":4},"end":{"line":100,"column":26}},"62":{"start":{"line":101,"column":4},"end":{"line":101,"column":40}},"63":{"start":{"line":102,"column":4},"end":{"line":117,"column":5}},"64":{"start":{"line":103,"column":6},"end":{"line":103,"column":44}},"65":{"start":{"line":103,"column":35},"end":{"line":103,"column":44}},"66":{"start":{"line":104,"column":6},"end":{"line":104,"column":21}},"67":{"start":{"line":105,"column":6},"end":{"line":105,"column":37}},"68":{"start":{"line":106,"column":6},"end":{"line":116,"column":7}},"69":{"start":{"line":107,"column":8},"end":{"line":110,"column":10}},"70":{"start":{"line":111,"column":13},"end":{"line":116,"column":7}},"71":{"start":{"line":112,"column":8},"end":{"line":115,"column":10}},"72":{"start":{"line":118,"column":4},"end":{"line":120,"column":5}},"73":{"start":{"line":119,"column":6},"end":{"line":119,"column":49}},"74":{"start":{"line":121,"column":4},"end":{"line":121,"column":88}},"75":{"start":{"line":122,"column":4},"end":{"line":122,"column":47}},"76":{"start":{"line":123,"column":4},"end":{"line":155,"column":14}},"77":{"start":{"line":124,"column":6},"end":{"line":154,"column":8}},"78":{"start":{"line":125,"column":8},"end":{"line":127,"column":9}},"79":{"start":{"line":126,"column":10},"end":{"line":126,"column":49}},"80":{"start":{"line":128,"column":8},"end":{"line":128,"column":57}},"81":{"start":{"line":129,"column":8},"end":{"line":153,"column":11}},"82":{"start":{"line":130,"column":10},"end":{"line":132,"column":11}},"83":{"start":{"line":131,"column":12},"end":{"line":131,"column":50}},"84":{"start":{"line":133,"column":10},"end":{"line":133,"column":109}},"85":{"start":{"line":134,"column":10},"end":{"line":152,"column":13}},"86":{"start":{"line":135,"column":12},"end":{"line":137,"column":13}},"87":{"start":{"line":136,"column":14},"end":{"line":136,"column":55}},"88":{"start":{"line":138,"column":12},"end":{"line":138,"column":90}},"89":{"start":{"line":139,"column":12},"end":{"line":151,"column":15}},"90":{"start":{"line":140,"column":14},"end":{"line":142,"column":15}},"91":{"start":{"line":141,"column":16},"end":{"line":141,"column":59}},"92":{"start":{"line":143,"column":14},"end":{"line":143,"column":61}},"93":{"start":{"line":144,"column":14},"end":{"line":150,"column":17}},"94":{"start":{"line":145,"column":16},"end":{"line":147,"column":17}},"95":{"start":{"line":146,"column":18},"end":{"line":146,"column":58}},"96":{"start":{"line":148,"column":16},"end":{"line":148,"column":55}},"97":{"start":{"line":149,"column":16},"end":{"line":149,"column":60}},"98":{"start":{"line":158,"column":2},"end":{"line":186,"column":4}},"99":{"start":{"line":159,"column":4},"end":{"line":185,"column":14}},"100":{"start":{"line":160,"column":6},"end":{"line":172,"column":8}},"101":{"start":{"line":161,"column":8},"end":{"line":164,"column":9}},"102":{"start":{"line":162,"column":10},"end":{"line":162,"column":85}},"103":{"start":{"line":163,"column":10},"end":{"line":163,"column":32}},"104":{"start":{"line":165,"column":8},"end":{"line":171,"column":11}},"105":{"start":{"line":166,"column":10},"end":{"line":168,"column":11}},"106":{"start":{"line":167,"column":12},"end":{"line":167,"column":37}},"107":{"start":{"line":169,"column":10},"end":{"line":169,"column":78}},"108":{"start":{"line":170,"column":10},"end":{"line":170,"column":32}},"109":{"start":{"line":174,"column":6},"end":{"line":184,"column":8}},"110":{"start":{"line":175,"column":8},"end":{"line":177,"column":9}},"111":{"start":{"line":176,"column":10},"end":{"line":176,"column":44}},"112":{"start":{"line":178,"column":8},"end":{"line":181,"column":9}},"113":{"start":{"line":179,"column":10},"end":{"line":179,"column":131}},"114":{"start":{"line":180,"column":10},"end":{"line":180,"column":44}},"115":{"start":{"line":182,"column":8},"end":{"line":182,"column":80}},"116":{"start":{"line":183,"column":8},"end":{"line":183,"column":43}},"117":{"start":{"line":188,"column":2},"end":{"line":201,"column":4}},"118":{"start":{"line":189,"column":4},"end":{"line":200,"column":24}},"119":{"start":{"line":190,"column":6},"end":{"line":199,"column":8}},"120":{"start":{"line":191,"column":8},"end":{"line":191,"column":32}},"121":{"start":{"line":192,"column":8},"end":{"line":192,"column":81}},"122":{"start":{"line":193,"column":8},"end":{"line":198,"column":9}},"123":{"start":{"line":194,"column":10},"end":{"line":194,"column":68}},"124":{"start":{"line":195,"column":10},"end":{"line":195,"column":65}},"125":{"start":{"line":197,"column":10},"end":{"line":197,"column":66}},"126":{"start":{"line":203,"column":2},"end":{"line":226,"column":4}},"127":{"start":{"line":204,"column":4},"end":{"line":204,"column":45}},"128":{"start":{"line":205,"column":4},"end":{"line":205,"column":26}},"129":{"start":{"line":206,"column":4},"end":{"line":206,"column":44}},"130":{"start":{"line":207,"column":4},"end":{"line":225,"column":14}},"131":{"start":{"line":208,"column":6},"end":{"line":224,"column":8}},"132":{"start":{"line":209,"column":8},"end":{"line":209,"column":16}},"133":{"start":{"line":210,"column":8},"end":{"line":214,"column":9}},"134":{"start":{"line":211,"column":10},"end":{"line":211,"column":107}},"135":{"start":{"line":212,"column":10},"end":{"line":212,"column":110}},"136":{"start":{"line":213,"column":10},"end":{"line":213,"column":44}},"137":{"start":{"line":215,"column":8},"end":{"line":218,"column":9}},"138":{"start":{"line":216,"column":10},"end":{"line":216,"column":171}},"139":{"start":{"line":217,"column":10},"end":{"line":217,"column":44}},"140":{"start":{"line":219,"column":8},"end":{"line":222,"column":10}},"141":{"start":{"line":223,"column":8},"end":{"line":223,"column":43}},"142":{"start":{"line":228,"column":2},"end":{"line":243,"column":4}},"143":{"start":{"line":229,"column":4},"end":{"line":242,"column":14}},"144":{"start":{"line":230,"column":6},"end":{"line":241,"column":8}},"145":{"start":{"line":231,"column":8},"end":{"line":231,"column":16}},"146":{"start":{"line":232,"column":8},"end":{"line":235,"column":9}},"147":{"start":{"line":233,"column":10},"end":{"line":233,"column":131}},"148":{"start":{"line":234,"column":10},"end":{"line":234,"column":31}},"149":{"start":{"line":236,"column":8},"end":{"line":239,"column":10}},"150":{"start":{"line":240,"column":8},"end":{"line":240,"column":43}},"151":{"start":{"line":245,"column":2},"end":{"line":285,"column":4}},"152":{"start":{"line":246,"column":4},"end":{"line":246,"column":27}},"153":{"start":{"line":247,"column":4},"end":{"line":284,"column":14}},"154":{"start":{"line":248,"column":6},"end":{"line":276,"column":8}},"155":{"start":{"line":249,"column":8},"end":{"line":249,"column":21}},"156":{"start":{"line":250,"column":8},"end":{"line":250,"column":54}},"157":{"start":{"line":251,"column":8},"end":{"line":253,"column":9}},"158":{"start":{"line":252,"column":10},"end":{"line":252,"column":36}},"159":{"start":{"line":254,"column":8},"end":{"line":254,"column":91}},"160":{"start":{"line":255,"column":8},"end":{"line":275,"column":11}},"161":{"start":{"line":256,"column":10},"end":{"line":256,"column":57}},"162":{"start":{"line":257,"column":10},"end":{"line":259,"column":11}},"163":{"start":{"line":258,"column":12},"end":{"line":258,"column":42}},"164":{"start":{"line":260,"column":10},"end":{"line":260,"column":41}},"165":{"start":{"line":261,"column":10},"end":{"line":265,"column":11}},"166":{"start":{"line":262,"column":12},"end":{"line":262,"column":27}},"167":{"start":{"line":263,"column":12},"end":{"line":263,"column":33}},"168":{"start":{"line":264,"column":12},"end":{"line":264,"column":45}},"169":{"start":{"line":266,"column":10},"end":{"line":266,"column":44}},"170":{"start":{"line":267,"column":10},"end":{"line":271,"column":11}},"171":{"start":{"line":268,"column":12},"end":{"line":268,"column":30}},"172":{"start":{"line":269,"column":12},"end":{"line":269,"column":37}},"173":{"start":{"line":270,"column":12},"end":{"line":270,"column":47}},"174":{"start":{"line":272,"column":10},"end":{"line":272,"column":59}},"175":{"start":{"line":273,"column":10},"end":{"line":273,"column":89}},"176":{"start":{"line":274,"column":10},"end":{"line":274,"column":24}},"177":{"start":{"line":278,"column":6},"end":{"line":283,"column":8}},"178":{"start":{"line":279,"column":8},"end":{"line":281,"column":9}},"179":{"start":{"line":280,"column":10},"end":{"line":280,"column":73}},"180":{"start":{"line":282,"column":8},"end":{"line":282,"column":51}},"181":{"start":{"line":287,"column":2},"end":{"line":303,"column":4}},"182":{"start":{"line":288,"column":4},"end":{"line":288,"column":45}},"183":{"start":{"line":289,"column":4},"end":{"line":289,"column":73}},"184":{"start":{"line":290,"column":4},"end":{"line":290,"column":34}},"185":{"start":{"line":291,"column":4},"end":{"line":302,"column":14}},"186":{"start":{"line":292,"column":6},"end":{"line":301,"column":8}},"187":{"start":{"line":293,"column":8},"end":{"line":293,"column":24}},"188":{"start":{"line":294,"column":8},"end":{"line":297,"column":9}},"189":{"start":{"line":295,"column":10},"end":{"line":295,"column":39}},"190":{"start":{"line":296,"column":10},"end":{"line":296,"column":54}},"191":{"start":{"line":298,"column":8},"end":{"line":300,"column":9}},"192":{"start":{"line":299,"column":10},"end":{"line":299,"column":45}},"193":{"start":{"line":305,"column":2},"end":{"line":308,"column":4}},"194":{"start":{"line":306,"column":4},"end":{"line":306,"column":43}},"195":{"start":{"line":307,"column":4},"end":{"line":307,"column":56}},"196":{"start":{"line":310,"column":2},"end":{"line":321,"column":4}},"197":{"start":{"line":311,"column":4},"end":{"line":311,"column":22}},"198":{"start":{"line":312,"column":4},"end":{"line":312,"column":71}},"199":{"start":{"line":313,"column":4},"end":{"line":320,"column":14}},"200":{"start":{"line":314,"column":6},"end":{"line":319,"column":8}},"201":{"start":{"line":315,"column":8},"end":{"line":315,"column":24}},"202":{"start":{"line":316,"column":8},"end":{"line":318,"column":9}},"203":{"start":{"line":317,"column":10},"end":{"line":317,"column":45}},"204":{"start":{"line":323,"column":2},"end":{"line":323,"column":15}},"205":{"start":{"line":327,"column":0},"end":{"line":327,"column":23}},"206":{"start":{"line":329,"column":0},"end":{"line":329,"column":33}}},"branchMap":{"1":{"line":4,"type":"binary-expr","locations":[{"start":{"line":4,"column":12},"end":{"line":4,"column":22}},{"start":{"line":4,"column":26},"end":{"line":4,"column":149}}]},"2":{"line":4,"type":"if","locations":[{"start":{"line":4,"column":90},"end":{"line":4,"column":90}},{"start":{"line":4,"column":90},"end":{"line":4,"column":90}}]},"3":{"line":4,"type":"binary-expr","locations":[{"start":{"line":4,"column":94},"end":{"line":4,"column":103}},{"start":{"line":4,"column":107},"end":{"line":4,"column":123}}]},"4":{"line":38,"type":"if","locations":[{"start":{"line":38,"column":4},"end":{"line":38,"column":4}},{"start":{"line":38,"column":4},"end":{"line":38,"column":4}}]},"5":{"line":75,"type":"if","locations":[{"start":{"line":75,"column":6},"end":{"line":75,"column":6}},{"start":{"line":75,"column":6},"end":{"line":75,"column":6}}]},"6":{"line":77,"type":"if","locations":[{"start":{"line":77,"column":6},"end":{"line":77,"column":6}},{"start":{"line":77,"column":6},"end":{"line":77,"column":6}}]},"7":{"line":80,"type":"if","locations":[{"start":{"line":80,"column":6},"end":{"line":80,"column":6}},{"start":{"line":80,"column":6},"end":{"line":80,"column":6}}]},"8":{"line":85,"type":"if","locations":[{"start":{"line":85,"column":4},"end":{"line":85,"column":4}},{"start":{"line":85,"column":4},"end":{"line":85,"column":4}}]},"9":{"line":94,"type":"if","locations":[{"start":{"line":94,"column":4},"end":{"line":94,"column":4}},{"start":{"line":94,"column":4},"end":{"line":94,"column":4}}]},"10":{"line":97,"type":"if","locations":[{"start":{"line":97,"column":4},"end":{"line":97,"column":4}},{"start":{"line":97,"column":4},"end":{"line":97,"column":4}}]},"11":{"line":101,"type":"binary-expr","locations":[{"start":{"line":101,"column":10},"end":{"line":101,"column":33}},{"start":{"line":101,"column":37},"end":{"line":101,"column":39}}]},"12":{"line":103,"type":"if","locations":[{"start":{"line":103,"column":6},"end":{"line":103,"column":6}},{"start":{"line":103,"column":6},"end":{"line":103,"column":6}}]},"13":{"line":106,"type":"if","locations":[{"start":{"line":106,"column":6},"end":{"line":106,"column":6}},{"start":{"line":106,"column":6},"end":{"line":106,"column":6}}]},"14":{"line":111,"type":"if","locations":[{"start":{"line":111,"column":13},"end":{"line":111,"column":13}},{"start":{"line":111,"column":13},"end":{"line":111,"column":13}}]},"15":{"line":111,"type":"binary-expr","locations":[{"start":{"line":111,"column":18},"end":{"line":111,"column":41}},{"start":{"line":111,"column":46},"end":{"line":111,"column":53}},{"start":{"line":111,"column":57},"end":{"line":111,"column":69}}]},"16":{"line":118,"type":"if","locations":[{"start":{"line":118,"column":4},"end":{"line":118,"column":4}},{"start":{"line":118,"column":4},"end":{"line":118,"column":4}}]},"17":{"line":125,"type":"if","locations":[{"start":{"line":125,"column":8},"end":{"line":125,"column":8}},{"start":{"line":125,"column":8},"end":{"line":125,"column":8}}]},"18":{"line":130,"type":"if","locations":[{"start":{"line":130,"column":10},"end":{"line":130,"column":10}},{"start":{"line":130,"column":10},"end":{"line":130,"column":10}}]},"19":{"line":135,"type":"if","locations":[{"start":{"line":135,"column":12},"end":{"line":135,"column":12}},{"start":{"line":135,"column":12},"end":{"line":135,"column":12}}]},"20":{"line":140,"type":"if","locations":[{"start":{"line":140,"column":14},"end":{"line":140,"column":14}},{"start":{"line":140,"column":14},"end":{"line":140,"column":14}}]},"21":{"line":145,"type":"if","locations":[{"start":{"line":145,"column":16},"end":{"line":145,"column":16}},{"start":{"line":145,"column":16},"end":{"line":145,"column":16}}]},"22":{"line":161,"type":"if","locations":[{"start":{"line":161,"column":8},"end":{"line":161,"column":8}},{"start":{"line":161,"column":8},"end":{"line":161,"column":8}}]},"23":{"line":166,"type":"if","locations":[{"start":{"line":166,"column":10},"end":{"line":166,"column":10}},{"start":{"line":166,"column":10},"end":{"line":166,"column":10}}]},"24":{"line":175,"type":"if","locations":[{"start":{"line":175,"column":8},"end":{"line":175,"column":8}},{"start":{"line":175,"column":8},"end":{"line":175,"column":8}}]},"25":{"line":178,"type":"if","locations":[{"start":{"line":178,"column":8},"end":{"line":178,"column":8}},{"start":{"line":178,"column":8},"end":{"line":178,"column":8}}]},"26":{"line":178,"type":"binary-expr","locations":[{"start":{"line":178,"column":12},"end":{"line":178,"column":35}},{"start":{"line":178,"column":39},"end":{"line":178,"column":77}}]},"27":{"line":193,"type":"if","locations":[{"start":{"line":193,"column":8},"end":{"line":193,"column":8}},{"start":{"line":193,"column":8},"end":{"line":193,"column":8}}]},"28":{"line":193,"type":"binary-expr","locations":[{"start":{"line":193,"column":12},"end":{"line":193,"column":16}},{"start":{"line":193,"column":21},"end":{"line":193,"column":41}},{"start":{"line":193,"column":45},"end":{"line":193,"column":66}}]},"29":{"line":210,"type":"if","locations":[{"start":{"line":210,"column":8},"end":{"line":210,"column":8}},{"start":{"line":210,"column":8},"end":{"line":210,"column":8}}]},"30":{"line":211,"type":"binary-expr","locations":[{"start":{"line":211,"column":64},"end":{"line":211,"column":82}},{"start":{"line":211,"column":87},"end":{"line":211,"column":105}}]},"31":{"line":215,"type":"if","locations":[{"start":{"line":215,"column":8},"end":{"line":215,"column":8}},{"start":{"line":215,"column":8},"end":{"line":215,"column":8}}]},"32":{"line":215,"type":"binary-expr","locations":[{"start":{"line":215,"column":12},"end":{"line":215,"column":17}},{"start":{"line":215,"column":21},"end":{"line":215,"column":41}},{"start":{"line":215,"column":45},"end":{"line":215,"column":66}}]},"33":{"line":232,"type":"if","locations":[{"start":{"line":232,"column":8},"end":{"line":232,"column":8}},{"start":{"line":232,"column":8},"end":{"line":232,"column":8}}]},"34":{"line":251,"type":"if","locations":[{"start":{"line":251,"column":8},"end":{"line":251,"column":8}},{"start":{"line":251,"column":8},"end":{"line":251,"column":8}}]},"35":{"line":257,"type":"if","locations":[{"start":{"line":257,"column":10},"end":{"line":257,"column":10}},{"start":{"line":257,"column":10},"end":{"line":257,"column":10}}]},"36":{"line":279,"type":"if","locations":[{"start":{"line":279,"column":8},"end":{"line":279,"column":8}},{"start":{"line":279,"column":8},"end":{"line":279,"column":8}}]},"37":{"line":294,"type":"if","locations":[{"start":{"line":294,"column":8},"end":{"line":294,"column":8}},{"start":{"line":294,"column":8},"end":{"line":294,"column":8}}]},"38":{"line":294,"type":"binary-expr","locations":[{"start":{"line":294,"column":12},"end":{"line":294,"column":25}},{"start":{"line":294,"column":29},"end":{"line":294,"column":60}}]},"39":{"line":298,"type":"if","locations":[{"start":{"line":298,"column":8},"end":{"line":298,"column":8}},{"start":{"line":298,"column":8},"end":{"line":298,"column":8}}]},"40":{"line":298,"type":"binary-expr","locations":[{"start":{"line":298,"column":12},"end":{"line":298,"column":31}},{"start":{"line":298,"column":35},"end":{"line":298,"column":66}}]},"41":{"line":316,"type":"if","locations":[{"start":{"line":316,"column":8},"end":{"line":316,"column":8}},{"start":{"line":316,"column":8},"end":{"line":316,"column":8}}]}},"code":["// Generated by CoffeeScript 1.12.5","var Dredd, FILE_DOWNLOAD_TIMEOUT, PROXY_ENV_VARIABLES, Runner, applyConfiguration, async, clone, configureReporters, dreddTransactions, fs, glob, handleRuntimeProblems, logger, options, removeDuplicates, request, url,","  hasProp = {}.hasOwnProperty,","  indexOf = [].indexOf || function(item) { for (var i = 0, l = this.length; i < l; i++) { if (i in this && this[i] === item) return i; } return -1; };","","glob = require('glob');","","fs = require('fs');","","clone = require('clone');","","async = require('async');","","request = require('request');","","url = require('url');","","logger = require('./logger');","","options = require('./options');","","Runner = require('./transaction-runner');","","applyConfiguration = require('./configuration').applyConfiguration;","","handleRuntimeProblems = require('./handle-runtime-problems');","","dreddTransactions = require('dredd-transactions');","","configureReporters = require('./configure-reporters');","","PROXY_ENV_VARIABLES = ['HTTP_PRO
[...]
":{"line":69,"column":10},"end":{"line":69,"column":28}}},"5":{"name":"(anonymous_5)","line":79,"loc":{"start":{"line":79,"column":10},"end":{"line":79,"column":21}}},"6":{"name":"(anonymous_6)","line":88,"loc":{"start":{"line":88,"column":10},"end":{"line":88,"column":21}}},"7":{"name":"(anonymous_7)","line":96,"loc":{"start":{"line":96,"column":10},"end":{"line":96,"column":28}}},"8":{"name":"(anonymous_8)","line":103,"loc":{"start":{"line":103,"column":35},"end":{"line":103,"column":71}}},"9":{"name":"(anonymous_9)","line":135,"loc":{"start":{"line":135,"column":24},"end":{"line":135,"column":51}}},"10":{"name":"(anonymous_10)","line":136,"loc":{"start":{"line":136,"column":35},"end":{"line":136,"column":53}}},"11":{"name":"(anonymous_11)","line":141,"loc":{"start":{"line":141,"column":33},"end":{"line":141,"column":44}}},"12":{"name":"(anonymous_12)","line":171,"loc":{"start":{"line":171,"column":33},"end":{"line":171,"column":44}}}},"statementMap":{"1":{"start":{"line":2,"column":0},"end":{"line":2,"column":55}},"2":{"start":{"line":4,"column":0},"end":{"line":4,"column":31}},"3":{"start":{"line":6,"column":0},"end":{"line":6,"column":19}},"4":{"start":{"line":8,"column":0},"end":{"line":8,"column":26}},"5":{"start":{"line":10,"column":0},"end":{"line":10,"column":41}},"6":{"start":{"line":12,"column":0},"end":{"line":12,"column":23}},"7":{"start":{"line":14,"column":0},"end":{"line":101,"column":2}},"8":{"start":{"line":15,"column":2},"end":{"line":15,"column":27}},"9":{"start":{"line":16,"column":2},"end":{"line":18,"column":3}},"10":{"start":{"line":17,"column":4},"end":{"line":17,"column":16}},"11":{"start":{"line":19,"column":2},"end":{"line":19,"column":17}},"12":{"start":{"line":20,"column":2},"end":{"line":25,"column":5}},"13":{"start":{"line":26,"column":2},"end":{"line":31,"column":5}},"14":{"start":{"line":32,"column":2},"end":{"line":37,"column":5}},"15":{"start":{"line":38,"column":2},"end":{"line":44,"column":5}},"16":{"start":{"line":45,"column":2},"end":{"line":53,"column":5}},"17":{"start":{"line":51,"column":6},"end":{"line":51,"column":45}},"18":{"start":{"line":54,"column":2},"end":{"line":63,"column":5}},"19":{"start":{"line":60,"column":6},"end":{"line":60,"column":15}},"20":{"start":{"line":61,"column":6},"end":{"line":61,"column":121}},"21":{"start":{"line":64,"column":2},"end":{"line":73,"column":5}},"22":{"start":{"line":70,"column":6},"end":{"line":70,"column":15}},"23":{"start":{"line":71,"column":6},"end":{"line":71,"column":190}},"24":{"start":{"line":74,"column":2},"end":{"line":82,"column":5}},"25":{"start":{"line":80,"column":6},"end":{"line":80,"column":42}},"26":{"start":{"line":83,"column":2},"end":{"line":91,"column":5}},"27":{"start":{"line":89,"column":6},"end":{"line":89,"column":41}},"28":{"start":{"line":92,"column":2},"end":{"line":99,"column":5}},"29":{"start":{"line":97,"column":6},"end":{"line":97,"column":75}},"30":{"start":{"line":100,"column":2},"end":{"line":100,"column":51}},"31":{"start":{"line":103,"column":0},"end":{"line":133,"column":2}},"32":{"start":{"line":104,"column":2},"end":{"line":106,"column":3}},"33":{"start":{"line":105,"column":4},"end":{"line":105,"column":16}},"34":{"start":{"line":107,"column":2},"end":{"line":109,"column":3}},"35":{"start":{"line":108,"column":4},"end":{"line":108,"column":21}},"36":{"start":{"line":110,"column":2},"end":{"line":110,"column":40}},"37":{"start":{"line":111,"column":2},"end":{"line":111,"column":39}},"38":{"start":{"line":112,"column":2},"end":{"line":112,"column":47}},"39":{"start":{"line":113,"column":2},"end":{"line":113,"column":43}},"40":{"start":{"line":114,"column":2},"end":{"line":116,"column":3}},"41":{"start":{"line":115,"column":4},"end":{"line":115,"column":34}},"42":{"start":{"line":117,"column":2},"end":{"line":119,"column":3}},"43":{"start":{"line":118,"column":4},"end":{"line":118,"column":26}},"44":{"start":{"line":120,"column":2},"end":{"line":122,"column":3}},"45":{"start":{"line":121,"column":4},"end":{"line":121,"column":63}},"46":{"start":{"line":123,"column":2},"end":{"line":125,"column":3}},"47":{"start":{"line":124,"column":4},"end":{"line":124,"column":65}},"48":{"start":{"line":126,"column":2},"end":{"line":128,"column":3}},"49":{"start":{"line":127,"column":4},"end":{"line":127,"column":37}},"50":{"start":{"line":129,"column":2},"end":{"line":131,"column":3}},"51":{"start":{"line":130,"column":4},"end":{"line":130,"column":37}},"52":{"start":{"line":132,"column":2},"end":{"line":132,"column":19}},"53":{"start":{"line":135,"column":0},"end":{"line":139,"column":2}},"54":{"start":{"line":136,"column":2},"end":{"line":138,"column":5}},"55":{"start":{"line":137,"column":4},"end":{"line":137,"column":71}},"56":{"start":{"line":141,"column":0},"end":{"line":169,"column":2}},"57":{"start":{"line":142,"column":2},"end":{"line":142,"column":42}},"58":{"start":{"line":143,"column":2},"end":{"line":143,"column":22}},"59":{"start":{"line":144,"column":2},"end":{"line":148,"column":3}},"60":{"start":{"line":145,"column":4},"end":{"line":145,"column":50}},"61":{"start":{"line":147,"column":4},"end":{"line":147,"column":16}},"62":{"start":{"line":149,"column":2},"end":{"line":151,"column":3}},"63":{"start":{"line":150,"column":4},"end":{"line":150,"column":32}},"64":{"start":{"line":152,"column":2},"end":{"line":154,"column":3}},"65":{"start":{"line":153,"column":4},"end":{"line":153,"column":21}},"66":{"start":{"line":155,"column":2},"end":{"line":157,"column":3}},"67":{"start":{"line":156,"column":4},"end":{"line":156,"column":86}},"68":{"start":{"line":158,"column":2},"end":{"line":160,"column":3}},"69":{"start":{"line":159,"column":4},"end":{"line":159,"column":24}},"70":{"start":{"line":161,"column":2},"end":{"line":163,"column":3}},"71":{"start":{"line":162,"column":4},"end":{"line":162,"column":22}},"72":{"start":{"line":164,"column":2},"end":{"line":166,"column":3}},"73":{"start":{"line":165,"column":4},"end":{"line":165,"column":40}},"74":{"start":{"line":167,"column":2},"end":{"line":167,"column":35}},"75":{"start":{"line":168,"column":2},"end":{"line":168,"column":35}},"76":{"start":{"line":171,"column":0},"end":{"line":193,"column":2}},"77":{"start":{"line":172,"column":2},"end":{"line":172,"column":29}},"78":{"start":{"line":173,"column":2},"end":{"line":173,"column":23}},"79":{"start":{"line":174,"column":2},"end":{"line":178,"column":3}},"80":{"start":{"line":175,"column":4},"end":{"line":175,"column":50}},"81":{"start":{"line":177,"column":4},"end":{"line":177,"column":16}},"82":{"start":{"line":179,"column":2},"end":{"line":181,"column":3}},"83":{"start":{"line":180,"column":4},"end":{"line":180,"column":34}},"84":{"start":{"line":182,"column":2},"end":{"line":184,"column":3}},"85":{"start":{"line":183,"column":4},"end":{"line":183,"column":81}},"86":{"start":{"line":185,"column":2},"end":{"line":187,"column":3}},"87":{"start":{"line":186,"column":4},"end":{"line":186,"column":33}},"88":{"start":{"line":188,"column":2},"end":{"line":190,"column":3}},"89":{"start":{"line":189,"column":4},"end":{"line":189,"column":42}},"90":{"start":{"line":191,"column":2},"end":{"line":191,"column":35}},"91":{"start":{"line":192,"column":2},"end":{"line":192,"column":35}},"92":{"start":{"line":195,"column":0},"end":{"line":195,"column":35}}},"branchMap":{"1":{"line":16,"type":"if","locations":[{"start":{"line":16,"column":2},"end":{"line":16,"column":2}},{"start":{"line":16,"column":2},"end":{"line":16,"column":2}}]},"2":{"line":24,"type":"binary-expr","locations":[{"start":{"line":24,"column":15},"end":{"line":24,"column":34}},{"start":{"line":24,"column":38},"end":{"line":24,"column":51}}]},"3":{"line":36,"type":"binary-expr","locations":[{"start":{"line":36,"column":15},"end":{"line":36,"column":33}},{"start":{"line":36,"column":37},"end":{"line":36,"column":60}}]},"4":{"line":58,"type":"cond-expr","locations":[{"start":{"line":58,"column":50},"end":{"line":58,"column":69}},{"start":{"line":58,"column":72},"end":{"line":58,"column":78}}]},"5":{"line":61,"type":"binary-expr","locations":[{"start":{"line":61,"column":13},"end":{"line":61,"column":39}},{"start":{"line":61,"column":44},"end":{"line":61,"column":119}}]},"6":{"line":61,"type":"cond-expr","locations":[{"start":{"line":61,"column":81},"end":{"line":61,"column":101}},{"start":{"line":61,"column":104},"end":{"line":61,"column":110}}]},"7":{"line":68,"type":"cond-expr","locations":[{"start":{"line":68,"column":51},"end":{"line":68,"column":72}},{"start":{"line":68,"column":75},"end":{"line":68,"column":81}}]},"8":{"line":71,"type":"binary-expr","locations":[{"start":{"line":71,"column":14},"end":{"line":71,"column":40}},{"start":{"line":71,"column":45},"end":{"line":71,"column":121}},{"start":{"line":71,"column":128},"end":{"line":71,"column":154}},{"start":{"line":71,"column":158},"end":{"line":71,"column":188}}]},"9":{"line":71,"type":"cond-expr","locations":[{"start":{"line":71,"column":82},"end":{"line":71,"column":103}},{"start":{"line":71,"column":106},"end":{"line":71,"column":112}}]},"10":{"line":97,"type":"binary-expr","locations":[{"start":{"line":97,"column":13},"end":{"line":97,"column":41}},{"start":{"line":97,"column":45},"end":{"line":97,"column":74}}]},"11":{"line":104,"type":"if","locations":[{"start":{"line":104,"column":2},"end":{"line":104,"column":2}},{"start":{"line":104,"column":2},"end":{"line":104,"column":2}}]},"12":{"line":107,"type":"if","locations":[{"start":{"line":107,"column":2},"end":{"line":107,"column":2}},{"start":{"line":107,"column":2},"end":{"line":107,"column":2}}]},"13":{"line":112,"type":"binary-expr","locations":[{"start":{"line":112,"column":21},"end":{"line":112,"column":38}},{"start":{"line":112,"column":42},"end":{"line":112,"column":46}}]},"14":{"line":114,"type":"if","locations":[{"start":{"line":114,"column":2},"end":{"line":114,"column":2}},{"start":{"line":114,"column":2},"end":{"line":114,"column":2}}]},"15":{"line":117,"type":"if","locations":[{"start":{"line":117,"column":2},"end":{"line":117,"column":2}},{"start":{"line":117,"column":2},"end":{"line":117,"column":2}}]},"16":{"line":120,"type":"if","locations":[{"start":{"line":120,"column":2},"end":{"line":120,"column":2}},{"start":{"line":120,"column":2},"end":{"line":120,"column":2}}]},"17":{"line":123,"type":"if","locations":[{"start":{"line":123,"column":2},"end":{"line":123,"column":2}},{"start":{"line":123,"column":2},"end":{"line":123,"column":2}}]},"18":{"line":126,"type":"if","locations":[{"start":{"line":126,"column":2},"end":{"line":126,"column":2}},{"start":{"line":126,"column":2},"end":{"line":126,"column":2}}]},"19":{"line":126,"type":"binary-expr","locations":[{"start":{"line":126,"column":6},"end":{"line":126,"column":26}},{"start":{"line":126,"column":30},"end":{"line":126,"column":53}}]},"20":{"line":129,"type":"if","locations":[{"start":{"line":129,"column":2},"end":{"line":129,"column":2}},{"start":{"line":129,"column":2},"end":{"line":129,"column":2}}]},"21":{"line":144,"type":"if","locations":[{"start":{"line":144,"column":2},"end":{"line":144,"column":2}},{"start":{"line":144,"column":2},"end":{"line":144,"column":2}}]},"22":{"line":149,"type":"if","locations":[{"start":{"line":149,"column":2},"end":{"line":149,"column":2}},{"start":{"line":149,"column":2},"end":{"line":149,"column":2}}]},"23":{"line":152,"type":"if","locations":[{"start":{"line":152,"column":2},"end":{"line":152,"column":2}},{"start":{"line":152,"column":2},"end":{"line":152,"column":2}}]},"24":{"line":155,"type":"if","locations":[{"start":{"line":155,"column":2},"end":{"line":155,"column":2}},{"start":{"line":155,"column":2},"end":{"line":155,"column":2}}]},"25":{"line":158,"type":"if","locations":[{"start":{"line":158,"column":2},"end":{"line":158,"column":2}},{"start":{"line":158,"column":2},"end":{"line":158,"column":2}}]},"26":{"line":161,"type":"if","locations":[{"start":{"line":161,"column":2},"end":{"line":161,"column":2}},{"start":{"line":161,"column":2},"end":{"line":161,"column":2}}]},"27":{"line":164,"type":"if","locations":[{"start":{"line":164,"column":2},"end":{"line":164,"column":2}},{"start":{"line":164,"column":2},"end":{"line":164,"column":2}}]},"28":{"line":174,"type":"if","locations":[{"start":{"line":174,"column":2},"end":{"line":174,"column":2}},{"start":{"line":174,"column":2},"end":{"line":174,"column":2}}]},"29":{"line":179,"type":"if","locations":[{"start":{"line":179,"column":2},"end":{"line":179,"column":2}},{"start":{"line":179,"column":2},"end":{"line":179,"column":2}}]},"30":{"line":182,"type":"if","locations":[{"start":{"line":182,"column":2},"end":{"line":182,"column":2}},{"start":{"line":182,"column":2},"end":{"line":182,"column":2}}]},"31":{"line":185,"type":"if","locations":[{"start":{"line":185,"column":2},"end":{"line":185,"column":2}},{"start":{"line":185,"column":2},"end":{"line":185,"column":2}}]},"32":{"line":188,"type":"if","locations":[{"start":{"line":188,"column":2},"end":{"line":188,"column":2}},{"start":{"line":188,"column":2},"end":{"line":188,"column":2}}]}},"code":["// Generated by CoffeeScript 1.12.5","var fs, inquirer, interactiveConfig, packageData, yaml;","","inquirer = require('inquirer');","","fs = require('fs');","","yaml = require('js-yaml');","","packageData = require('../package.json');","","interactiveConfig = {};","","interactiveConfig.prompt = function(config, callback) {","  var questions, ref, ref1;","  if (config == null) {","    config = {};","  }","  questions = [];","  questions.push({","    type: \"input\",","    name: \"blueprint\",","    message: \"Location of the API description document\",","    \"default\": config['blueprint'] || \"apiary.apib\"","  });","  questions.push({","    type: \"input\",","    name: \"server\",","    message: \"Command to start API backend server e.g. (bundle exec rails server)\",","    \"default\": config['server']","  });","  questions.push({","    type: \"input\",","    name: \"endpoint\",","    message: \"URL of tested API endpoint\",","    \"default\": config['endpoint'] || \"http://127.0.0.1:3000\"","  });","  questions.push({","    type: \"list\",","    name: \"language\",","    message: \"Programming language of hooks\",","    \"default\": \"nodejs\",","    choices: [\"ruby\", \"python\", \"nodejs\", \"php\", \"perl\", \"go\"]","  });","  questions.push({","    type: \"confirm\",","    name: \"apiary\",","    message: \"Do you want to use Apiary test inspector?\",","    \"default\": true,","    when: function(answers) {","      return config['reporter'] !== 'apiary';","    }","  });","  questions.push({","    type: \"input\",","    name: \"apiaryApiKey\",","    message: \"Please enter Apiary API key or leave empty for anonymous reporter\",","    \"default\": (ref = config['custom']) != null ? ref['apiaryApiKey'] : void 0,","    when: function(answers) {","      var ref1;","      return answers['apiary'] === true && (((ref1 = config['custom']) != null ? ref1['apiaryApiKey'] : void 0) == null);","    }","  });","  questions.push({","    type: \"input\",","    name: \"apiaryApiName\",","    message: \"Please enter Apiary API name\",","    \"default\": (ref1 = config['custom']) != null ? ref1['apiaryApiName'] : void 0,","    when: function(answers) {","      var ref2;","      return (answers['apiary'] === true && (((ref2 = config['custom']) != null ? ref2['apiaryApiName'] : void 0) == null)) && (answers['apiary'] === true && answers['apiaryApiKey'] !== '');","    }","  });","  questions.push({","    type: \"confirm\",","    name: \"travisAdd\",","    message: \"Found Travis CI configuration, do you want to add Dredd to the build?\",","    \"default\": true,","    when: function() {","      return fs.existsSync('.travis.yml');","    }","  });","  questions.push({","    type: \"confirm\",","    name: \"circleAdd\",","    message: \"Found CircleCI configuration, do you want to add Dredd to the build?\",","    \"default\": true,","    when: function() {","      return fs.existsSync('circle.yml');","    }","  });","  questions.push({","    type: \"confirm\",","    name: \"circleCreate\",","    message: \"Dredd is best served with Continuous Integration. Create CircleCI config for Dredd?\",","    when: function(answers) {","      return !fs.existsSync('circle.yml') && !fs.existsSync('.travis.yml');","    }","  });","  return inquirer.prompt(questions).then(callback);","};","","interactiveConfig.processAnswers = function(config, answers, callback) {","  if (config == null) {","    config = {};","  }","  if (config['_'] == null) {","    config['_'] = [];","  }","  config['_'][0] = answers['blueprint'];","  config['_'][1] = answers['endpoint'];","  config['server'] = answers['server'] || null;","  config['language'] = answers['language'];","  if (answers['apiary'] === true) {","    config['reporter'] = \"apiary\";","  }","  if (config['custom'] == null) {","    config['custom'] = {};","  }","  if (answers['apiaryApiKey'] != null) {","    config['custom']['apiaryApiKey'] = answers['apiaryApiKey'];","  }","  if (answers['apiaryApiName'] != null) {","    config['custom']['apiaryApiName'] = answers['apiaryApiName'];","  }","  if (answers['circleAdd'] || answers['circleCreate']) {","    interactiveConfig.updateCircle();","  }","  if (answers['travisAdd'] === true) {","    interactiveConfig.updateTravis();","  }","  callback(config);","};","","interactiveConfig.run = function(config, callback) {","  interactiveConfig.prompt(config, function(answers) {","    return interactiveConfig.processAnswers(config, answers, callback);","  });","};","","interactiveConfig.updateCircle = function() {","  var base, base1, config, file, yamlData;","  file = \"circle.yml\";","  if (fs.existsSync(file)) {","    config = yaml.safeLoad(fs.readFileSync(file));","  } else {","    config = {};","  }","  if (config['dependencies'] == null) {","    config['dependencies'] = {};","  }","  if ((base = config['dependencies'])['pre'] == null) {","    base['pre'] = [];","  }","  if (config['dependencies']['pre'].indexOf(\"npm install -g dredd\") === -1) {","    config['dependencies']['pre'].push(\"npm install -g dredd@\" + packageData.version);","  }","  if (config['test'] == null) {","    config['test'] = {};","  }","  if ((base1 = config['test'])['pre'] == null) {","    base1['pre'] = [];","  }","  if (config['test']['pre'].indexOf(\"dredd\") === -1) {","    config['test']['pre'].push(\"dredd\");","  }","  yamlData = yaml.safeDump(config);","  fs.writeFileSync(file, yamlData);","};","","interactiveConfig.updateTravis = function() {","  var config, file, yamlData;","  file = \".travis.yml\";","  if (fs.existsSync(file)) {","    config = yaml.safeLoad(fs.readFileSync(file));","  } else {","    config = {};","  }","  if (config['before_install'] == null) {","    config['before_install'] = [];","  }","  if (config['before_install'].indexOf(\"npm install -g dredd\") === -1) {","    config['before_install'].push(\"npm install -g dredd@\" + packageData.version);","  }","  if (config['before_script'] == null) {","    config['before_script'] = [];","  }","  if (config['before_script'].indexOf(\"dredd\") === -1) {","    config['before_script'].push(\"dredd\");","  }","  yamlData = yaml.safeDump(config);","  fs.writeFileSync(file, yamlData);","};","","module.exports = interactiveConfig;",""],"l":{"2":1,"4":1,"6":1,"8":1,"10":1,"12":1,"14":1,"15":0,"16":0,"17":0,"19":0,"20":0,"26":0,"32":0,"38":0,"45":0,"51":0,"54":0,"60":0,"61":0,"64":0,"70":0,"71":0,"74":0,"80":0,"83":0,"89":0,"92":0,"97":0,"100":0,"103":1,"104":0,"105":0,"107":0,"108":0,"110":0,"111":0,"112":0,"113":0,"114":0,"115":0,"117":0,"118":0,"120":0,"121":0,"123":0,"124":0,"126":0,"127":0,"129":0,"130":0,"132":0,"135":1,"136":0,"137":0,"141":1,"142":0,"143":0,"144":0,"145":0,"147":0,"149":0,"150":0,"152":0,"153":0,"155":0,"156":0,"158":0,"159":0,"161":0,"162":0,"164":0,"165":0,"167":0,"168":0,"171":1,"172":0,"173":0,"174":0,"175":0,"177":0,"179":0,"180":0,"182":0,"183":0,"185":0,"186":0,"188":0,"189":0,"191":0,"192":0,"195":1}}}